Using pre-set license
Built from '2020.3/staging' branch; Version is '2020.3.6f1 (338bb68529b2) revision 3378102'; Using compiler version '192528614'; Build Type 'Release'
OS: 'Windows 10 Pro; OS build 19041.985; Version 2004; 64bit' Language: 'en' Physical Memory: 16332 MB
BatchMode: 1, IsHumanControllingUs: 0, StartBugReporterOnCrash: 0, Is64bit: 1, IsPro: 0

 COMMAND LINE ARGUMENTS:
C:\Program Files\Unity\Editor\Unity.exe
-adb2
-batchMode
-noUpm
-name
AssetImportWorker0
-projectPath
C:/Users/astr4moon/Mad-Fisherman/Mad Fisher Man
-logFile
Logs/AssetImportWorker0.log
-srvPort
61790
Successfully changed project path to: C:/Users/astr4moon/Mad-Fisherman/Mad Fisher Man
C:/Users/astr4moon/Mad-Fisherman/Mad Fisher Man
Using Asset Import Pipeline V2.
Refreshing native plugins compatible for Editor in 70.04 ms, found 1 plugins.
Preloading 0 native plugins for Editor in 0.00 ms.
Initialize engine version: 2020.3.6f1 (338bb68529b2)
[Subsystems] Discovering subsystems at path C:/Program Files/Unity/Editor/Data/Resources/UnitySubsystems
[Subsystems] Discovering subsystems at path C:/Users/astr4moon/Mad-Fisherman/Mad Fisher Man/Assets
GfxDevice: creating device client; threaded=0
Direct3D:
    Version:  Direct3D 11.0 [level 11.1]
    Renderer: NVIDIA GeForce GTX 960 (ID=0x1401)
    Vendor:   
    VRAM:     2007 MB
    Driver:   27.21.14.6192
Initialize mono
Mono path[0] = 'C:/Program Files/Unity/Editor/Data/Managed'
Mono path[1] = 'C:/Program Files/Unity/Editor/Data/MonoBleedingEdge/lib/mono/unityjit'
Mono config path = 'C:/Program Files/Unity/Editor/Data/MonoBleedingEdge/etc'
Using monoOptions --debugger-agent=transport=dt_socket,embedding=1,server=y,suspend=n,address=127.0.0.1:56812
Begin MonoManager ReloadAssembly
Registering precompiled unity dll's ...
Register platform support module: C:/Program Files/Unity/Editor/Data/PlaybackEngines/WebGLSupport/UnityEditor.WebGL.Extensions.dll
Register platform support module: C:/Program Files/Unity/Editor/Data/PlaybackEngines/WindowsStandaloneSupport/UnityEditor.WindowsStandalone.Extensions.dll
Registered in 0.003187 seconds.
Native extension for WindowsStandalone target not found
Native extension for WebGL target not found
Refreshing native plugins compatible for Editor in 46.86 ms, found 1 plugins.
Preloading 0 native plugins for Editor in 0.00 ms.
Mono: successfully reloaded assembly
- Completed reload, in  1.839 seconds
Platform modules already initialized, skipping
Registering precompiled user dll's ...
Registered in 0.001120 seconds.
Begin MonoManager ReloadAssembly
Native extension for WindowsStandalone target not found
Native extension for WebGL target not found
Refreshing native plugins compatible for Editor in 37.55 ms, found 1 plugins.
Preloading 0 native plugins for Editor in 0.00 ms.
Mono: successfully reloaded assembly
- Completed reload, in  1.090 seconds
Platform modules already initialized, skipping
========================================================================
Worker process is ready to serve import requests
Launched and connected shader compiler UnityShaderCompiler.exe after 0.13 seconds
Refreshing native plugins compatible for Editor in 0.67 ms, found 1 plugins.
Preloading 0 native plugins for Editor in 0.00 ms.
Unloading 1815 Unused Serialized files (Serialized files now loaded: 0)
System memory in use before: 85.4 MB.
System memory in use after: 85.4 MB.

Unloading 24 unused Assets to reduce memory usage. Loaded Objects now: 2259.
Total: 1.912400 ms (FindLiveObjects: 0.168200 ms CreateObjectMapping: 0.060300 ms MarkObjects: 1.563400 ms  DeleteObjects: 0.119400 ms)

========================================================================
Received Import Request.
  path: Assets/Assets/building/building/pxArt (17).png
  artifactKey: Guid(07f48ad047624af498d4b04bbe435800) Importer(815301076,1909f56bfc062723c751e8b465ee728b)
Start importing Assets/Assets/building/building/pxArt (17).png using Guid(07f48ad047624af498d4b04bbe435800) Importer(815301076,1909f56bfc062723c751e8b465ee728b)  -> (artifact id: 'e5e06e0a863229bdd73d0c20a716082e') in 0.135804 seconds
  Import took 0.142377 seconds .

========================================================================
Received Import Request.
  Time since last request: 0.000174 seconds.
  path: Assets/Assets/building/building/pxArt (35).png
  artifactKey: Guid(cd48cd957b4478c44bec1befd5a2503b) Importer(815301076,1909f56bfc062723c751e8b465ee728b)
Start importing Assets/Assets/building/building/pxArt (35).png using Guid(cd48cd957b4478c44bec1befd5a2503b) Importer(815301076,1909f56bfc062723c751e8b465ee728b)  -> (artifact id: 'f3f473f4b86a3346cfc23f4d4d2ce023') in 0.016479 seconds
  Import took 0.020319 seconds .

========================================================================
Received Import Request.
  Time since last request: 0.000161 seconds.
  path: Assets/Assets/building/building/pxArt (25).png
  artifactKey: Guid(453475b13dd66ef4e90b8935d37cbb80) Importer(815301076,1909f56bfc062723c751e8b465ee728b)
Start importing Assets/Assets/building/building/pxArt (25).png using Guid(453475b13dd66ef4e90b8935d37cbb80) Importer(815301076,1909f56bfc062723c751e8b465ee728b)  -> (artifact id: '49fc80037391048a194b101845d575b2') in 0.015495 seconds
  Import took 0.019395 seconds .

========================================================================
Received Import Request.
  Time since last request: 0.000149 seconds.
  path: Assets/Assets/building/building/pxArt (16).png
  artifactKey: Guid(1c203994fd6147b4691e5f1b9deffa91) Importer(815301076,1909f56bfc062723c751e8b465ee728b)
Start importing Assets/Assets/building/building/pxArt (16).png using Guid(1c203994fd6147b4691e5f1b9deffa91) Importer(815301076,1909f56bfc062723c751e8b465ee728b)  -> (artifact id: '60c5315ce69eb0d1f37604da3a248bcd') in 0.012652 seconds
  Import took 0.016192 seconds .

========================================================================
Received Import Request.
  Time since last request: 0.000173 seconds.
  path: Assets/Assets/building/building/pxArt (42).png
  artifactKey: Guid(32ce8e8aac589da40b80a9f061d215f8) Importer(815301076,1909f56bfc062723c751e8b465ee728b)
Start importing Assets/Assets/building/building/pxArt (42).png using Guid(32ce8e8aac589da40b80a9f061d215f8) Importer(815301076,1909f56bfc062723c751e8b465ee728b)  -> (artifact id: 'df2c8ba37b9e47b86c05bee0a51e8d29') in 0.015104 seconds
  Import took 0.018786 seconds .

========================================================================
Received Import Request.
  Time since last request: 0.000177 seconds.
  path: Assets/Assets/building/building/pxArt (34).png
  artifactKey: Guid(9b4179a2e32c0ae49bf8e4ace4fa6979) Importer(815301076,1909f56bfc062723c751e8b465ee728b)
Start importing Assets/Assets/building/building/pxArt (34).png using Guid(9b4179a2e32c0ae49bf8e4ace4fa6979) Importer(815301076,1909f56bfc062723c751e8b465ee728b)  -> (artifact id: 'e6832bd96b82a55533c8920136b324f5') in 0.016262 seconds
  Import took 0.019924 seconds .

========================================================================
Received Import Request.
  Time since last request: 0.000164 seconds.
  path: Assets/Assets/building/building/pxArt (40).png
  artifactKey: Guid(a3e3823b73d88dc41ba862eef1bf13db) Importer(815301076,1909f56bfc062723c751e8b465ee728b)
Start importing Assets/Assets/building/building/pxArt (40).png using Guid(a3e3823b73d88dc41ba862eef1bf13db) Importer(815301076,1909f56bfc062723c751e8b465ee728b)  -> (artifact id: '6f282a1400ad0fe52fdd2c711b059dfc') in 0.015451 seconds
  Import took 0.020777 seconds .

========================================================================
Received Import Request.
  Time since last request: 0.000232 seconds.
  path: Assets/Assets/building/building/pxArt (53).png
  artifactKey: Guid(1476a1cb5ab0c6944b6b2144099066ed) Importer(815301076,1909f56bfc062723c751e8b465ee728b)
Start importing Assets/Assets/building/building/pxArt (53).png using Guid(1476a1cb5ab0c6944b6b2144099066ed) Importer(815301076,1909f56bfc062723c751e8b465ee728b)  -> (artifact id: '2cdb9ae4be345b77866b0cefe2372246') in 0.013080 seconds
  Import took 0.016706 seconds .

========================================================================
Received Import Request.
  Time since last request: 0.000144 seconds.
  path: Assets/Assets/building/building/pxArt (41).png
  artifactKey: Guid(f14fcc9c9f16d1a45a4607722454b694) Importer(815301076,1909f56bfc062723c751e8b465ee728b)
Start importing Assets/Assets/building/building/pxArt (41).png using Guid(f14fcc9c9f16d1a45a4607722454b694) Importer(815301076,1909f56bfc062723c751e8b465ee728b)  -> (artifact id: '133af336a7fd2afe7b49b0505ee53708') in 0.012938 seconds
  Import took 0.016823 seconds .

========================================================================
Received Import Request.
  Time since last request: 0.000181 seconds.
  path: Assets/Assets/building/building/pxArt (19).png
  artifactKey: Guid(0b24d97250aad2e4eb89b64e45489cd7) Importer(815301076,1909f56bfc062723c751e8b465ee728b)
Start importing Assets/Assets/building/building/pxArt (19).png using Guid(0b24d97250aad2e4eb89b64e45489cd7) Importer(815301076,1909f56bfc062723c751e8b465ee728b)  -> (artifact id: '17fbc26e6618e336b93d16fc60add09e') in 0.011678 seconds
  Import took 0.015242 seconds .

========================================================================
Received Import Request.
  Time since last request: 0.000163 seconds.
  path: Assets/Assets/building/building/pxArt (27).png
  artifactKey: Guid(ae004e3a14abe7d4284246a80cd85c94) Importer(815301076,1909f56bfc062723c751e8b465ee728b)
Start importing Assets/Assets/building/building/pxArt (27).png using Guid(ae004e3a14abe7d4284246a80cd85c94) Importer(815301076,1909f56bfc062723c751e8b465ee728b)  -> (artifact id: '1585dbb7cf780bdf4fa69c4fabf15edb') in 0.013416 seconds
  Import took 0.018270 seconds .

========================================================================
Received Import Request.
  Time since last request: 0.000249 seconds.
  path: Assets/Assets/building/building/pxArt (29).png
  artifactKey: Guid(f0a6a70098c8a554184dd4419b045d8d) Importer(815301076,1909f56bfc062723c751e8b465ee728b)
Start importing Assets/Assets/building/building/pxArt (29).png using Guid(f0a6a70098c8a554184dd4419b045d8d) Importer(815301076,1909f56bfc062723c751e8b465ee728b)  -> (artifact id: '9bf39fff345ad0024d9dc616b727b2c1') in 0.012238 seconds
  Import took 0.015823 seconds .

========================================================================
Received Import Request.
  Time since last request: 0.000178 seconds.
  path: Assets/Assets/building/building/pxArt (57).png
  artifactKey: Guid(8b645b95a3b8c9b40afbbac2682610dc) Importer(815301076,1909f56bfc062723c751e8b465ee728b)
Start importing Assets/Assets/building/building/pxArt (57).png using Guid(8b645b95a3b8c9b40afbbac2682610dc) Importer(815301076,1909f56bfc062723c751e8b465ee728b)  -> (artifact id: '1bd648123fd7cdc6e88c7c760693261a') in 0.018100 seconds
  Import took 0.023228 seconds .

========================================================================
Received Import Request.
  Time since last request: 0.000189 seconds.
  path: Assets/Assets/building/building/pxArt (37).png
  artifactKey: Guid(0bb9937c603d2c347bbb2cdaa43f8699) Importer(815301076,1909f56bfc062723c751e8b465ee728b)
Start importing Assets/Assets/building/building/pxArt (37).png using Guid(0bb9937c603d2c347bbb2cdaa43f8699) Importer(815301076,1909f56bfc062723c751e8b465ee728b)  -> (artifact id: '20eeedbf2ba2cd4a6bbad41598e6fe80') in 0.012390 seconds
  Import took 0.015985 seconds .

========================================================================
Received Import Request.
  Time since last request: 0.000164 seconds.
  path: Assets/Assets/building/building/pxArt (56).png
  artifactKey: Guid(84233752bd017324ea5d018a771da30b) Importer(815301076,1909f56bfc062723c751e8b465ee728b)
Start importing Assets/Assets/building/building/pxArt (56).png using Guid(84233752bd017324ea5d018a771da30b) Importer(815301076,1909f56bfc062723c751e8b465ee728b)  -> (artifact id: '9aba18db9627fb358aaad54411efc004') in 0.012719 seconds
  Import took 0.017501 seconds .

========================================================================
Received Import Request.
  Time since last request: 0.000219 seconds.
  path: Assets/Assets/building/building/pxArt (11).png
  artifactKey: Guid(e4e82aa0643b57a4d91a92d9cf00d592) Importer(815301076,1909f56bfc062723c751e8b465ee728b)
Start importing Assets/Assets/building/building/pxArt (11).png using Guid(e4e82aa0643b57a4d91a92d9cf00d592) Importer(815301076,1909f56bfc062723c751e8b465ee728b)  -> (artifact id: 'fbe01f05f21df3b2ad18e2e5e9979c6a') in 0.016454 seconds
  Import took 0.020815 seconds .

========================================================================
Received Import Request.
  Time since last request: 0.000185 seconds.
  path: Assets/Assets/building/building/pxArt (12).png
  artifactKey: Guid(7be1f70fb1a6ec549a8d0d7aff89fdc4) Importer(815301076,1909f56bfc062723c751e8b465ee728b)
Start importing Assets/Assets/building/building/pxArt (12).png using Guid(7be1f70fb1a6ec549a8d0d7aff89fdc4) Importer(815301076,1909f56bfc062723c751e8b465ee728b)  -> (artifact id: '43cf87dc393026f6f7acb08aecf70a35') in 0.012565 seconds
  Import took 0.015869 seconds .

========================================================================
Received Import Request.
  Time since last request: 0.000204 seconds.
  path: Assets/Assets/building/building/pxArt (33).png
  artifactKey: Guid(3933c48355e937f41a2b72a087fcf512) Importer(815301076,1909f56bfc062723c751e8b465ee728b)
Start importing Assets/Assets/building/building/pxArt (33).png using Guid(3933c48355e937f41a2b72a087fcf512) Importer(815301076,1909f56bfc062723c751e8b465ee728b)  -> (artifact id: '80da44602f1a39d2e1d308191cd8464e') in 0.013424 seconds
  Import took 0.018989 seconds .

========================================================================
Received Import Request.
  Time since last request: 0.000303 seconds.
  path: Assets/Assets/building/building/pxArt (28).png
  artifactKey: Guid(bbaf896f81b0cc94e86bb11f2621a574) Importer(815301076,1909f56bfc062723c751e8b465ee728b)
Start importing Assets/Assets/building/building/pxArt (28).png using Guid(bbaf896f81b0cc94e86bb11f2621a574) Importer(815301076,1909f56bfc062723c751e8b465ee728b)  -> (artifact id: 'd75c417d97c5a4b3c89d1a366c0d9c4b') in 0.012700 seconds
  Import took 0.017500 seconds .

========================================================================
Received Import Request.
  Time since last request: 0.000190 seconds.
  path: Assets/Assets/building/building/pxArt (47).png
  artifactKey: Guid(79e5ee6023dc71641844e05e707c495a) Importer(815301076,1909f56bfc062723c751e8b465ee728b)
Start importing Assets/Assets/building/building/pxArt (47).png using Guid(79e5ee6023dc71641844e05e707c495a) Importer(815301076,1909f56bfc062723c751e8b465ee728b)  -> (artifact id: '7fed5c923190e2fca611b68de4ab92fe') in 0.014443 seconds
  Import took 0.019218 seconds .

========================================================================
Received Import Request.
  Time since last request: 0.000245 seconds.
  path: Assets/Assets/building/building/pxArt (18).png
  artifactKey: Guid(74e6bbaa3fd44d749b8aba6b0a121cb1) Importer(815301076,1909f56bfc062723c751e8b465ee728b)
Start importing Assets/Assets/building/building/pxArt (18).png using Guid(74e6bbaa3fd44d749b8aba6b0a121cb1) Importer(815301076,1909f56bfc062723c751e8b465ee728b)  -> (artifact id: '87d1b1b5e2041bc66a82aa74b8d5f470') in 0.012776 seconds
  Import took 0.016681 seconds .

========================================================================
Received Import Request.
  Time since last request: 0.000169 seconds.
  path: Assets/Assets/building/building/pxArt (60).png
  artifactKey: Guid(d85d23f9221f33d4aa62135d468f43ca) Importer(815301076,1909f56bfc062723c751e8b465ee728b)
Start importing Assets/Assets/building/building/pxArt (60).png using Guid(d85d23f9221f33d4aa62135d468f43ca) Importer(815301076,1909f56bfc062723c751e8b465ee728b)  -> (artifact id: 'fff3b0ad841abe6243689839d6633463') in 0.012662 seconds
  Import took 0.015999 seconds .

========================================================================
Received Import Request.
  Time since last request: 0.000154 seconds.
  path: Assets/Assets/building/building/pxArt (15).png
  artifactKey: Guid(8fa0fee51e0aca04b9e51cbd0be83ed2) Importer(815301076,1909f56bfc062723c751e8b465ee728b)
Start importing Assets/Assets/building/building/pxArt (15).png using Guid(8fa0fee51e0aca04b9e51cbd0be83ed2) Importer(815301076,1909f56bfc062723c751e8b465ee728b)  -> (artifact id: 'a768bf9484423cffc3b666111f0b3b71') in 0.014428 seconds
  Import took 0.017732 seconds .

========================================================================
Received Import Request.
  Time since last request: 0.000262 seconds.
  path: Assets/Assets/building/building/pxArt (26).png
  artifactKey: Guid(01ad905e4dd9e5a40ab4d52616324b93) Importer(815301076,1909f56bfc062723c751e8b465ee728b)
Start importing Assets/Assets/building/building/pxArt (26).png using Guid(01ad905e4dd9e5a40ab4d52616324b93) Importer(815301076,1909f56bfc062723c751e8b465ee728b)  -> (artifact id: 'afce41dfda9cc59471050be09fe3a8f2') in 0.014459 seconds
  Import took 0.020084 seconds .

========================================================================
Received Import Request.
  Time since last request: 0.000172 seconds.
  path: Assets/Assets/building/building/pxArt (50).png
  artifactKey: Guid(8cbf538e9ed442c43b7228250883fdee) Importer(815301076,1909f56bfc062723c751e8b465ee728b)
Start importing Assets/Assets/building/building/pxArt (50).png using Guid(8cbf538e9ed442c43b7228250883fdee) Importer(815301076,1909f56bfc062723c751e8b465ee728b)  -> (artifact id: '568a738d53376e50842e9888cc8e92d5') in 0.013881 seconds
  Import took 0.019030 seconds .

========================================================================
Received Import Request.
  Time since last request: 0.000204 seconds.
  path: Assets/Assets/building/building/pxArt (14).png
  artifactKey: Guid(8c5f279a279b27d44b9889b547ee3d8e) Importer(815301076,1909f56bfc062723c751e8b465ee728b)
Start importing Assets/Assets/building/building/pxArt (14).png using Guid(8c5f279a279b27d44b9889b547ee3d8e) Importer(815301076,1909f56bfc062723c751e8b465ee728b)  -> (artifact id: 'a8ebdc1178ff9bd54b161c078f5cf57c') in 0.013912 seconds
  Import took 0.017201 seconds .

========================================================================
Received Import Request.
  Time since last request: 0.000181 seconds.
  path: Assets/Assets/building/building/pxArt (6).png
  artifactKey: Guid(bed7290f6c1218a4e9bdadb4087c3f08) Importer(815301076,1909f56bfc062723c751e8b465ee728b)
Start importing Assets/Assets/building/building/pxArt (6).png using Guid(bed7290f6c1218a4e9bdadb4087c3f08) Importer(815301076,1909f56bfc062723c751e8b465ee728b)  -> (artifact id: 'f84263b5e9e10e0eefb3a5e35ec93058') in 0.011687 seconds
  Import took 0.016349 seconds .

========================================================================
Received Import Request.
  Time since last request: 251.557875 seconds.
  path: Assets/Spirites/Npc1.png
  artifactKey: Guid(f088ddab53c40e84e8e8130b0e2fb884) Importer(815301076,1909f56bfc062723c751e8b465ee728b)
Start importing Assets/Spirites/Npc1.png using Guid(f088ddab53c40e84e8e8130b0e2fb884) Importer(815301076,1909f56bfc062723c751e8b465ee728b)  -> (artifact id: '0ec4aa59e133949ca13e158c9a86ba8c') in 0.013361 seconds
  Import took 0.017809 seconds .

========================================================================
Received Import Request.
  Time since last request: 0.004792 seconds.
  path: Assets/Spirites/Npc1.png
  artifactKey: Guid(f088ddab53c40e84e8e8130b0e2fb884) Importer(815301076,1909f56bfc062723c751e8b465ee728b)
Start importing Assets/Spirites/Npc1.png using Guid(f088ddab53c40e84e8e8130b0e2fb884) Importer(815301076,1909f56bfc062723c751e8b465ee728b)  -> (artifact id: '0ec4aa59e133949ca13e158c9a86ba8c') in 0.008700 seconds
  Import took 0.013205 seconds .

========================================================================
Received Import Request.
  Time since last request: 29.588856 seconds.
  path: Assets/Spirites/Shop/Npc1.png
  artifactKey: Guid(f088ddab53c40e84e8e8130b0e2fb884) Importer(815301076,1909f56bfc062723c751e8b465ee728b)
Start importing Assets/Spirites/Shop/Npc1.png using Guid(f088ddab53c40e84e8e8130b0e2fb884) Importer(815301076,1909f56bfc062723c751e8b465ee728b)  -> (artifact id: 'ceef2b790db7303fcd8a985eb359c0d1') in 0.006538 seconds
  Import took 0.009764 seconds .

========================================================================
Received Import Request.
  Time since last request: 0.024226 seconds.
  path: Assets/Spirites/Shop/Npc1.png
  artifactKey: Guid(f088ddab53c40e84e8e8130b0e2fb884) Importer(815301076,1909f56bfc062723c751e8b465ee728b)
Start importing Assets/Spirites/Shop/Npc1.png using Guid(f088ddab53c40e84e8e8130b0e2fb884) Importer(815301076,1909f56bfc062723c751e8b465ee728b)  -> (artifact id: 'ceef2b790db7303fcd8a985eb359c0d1') in 0.009729 seconds
  Import took 0.013470 seconds .

========================================================================
Received Import Request.
  Time since last request: 448.854938 seconds.
  path: Assets/Spirites/Shop/Npc2.png
  artifactKey: Guid(b788aa95253c4454ebb78b7e1f413147) Importer(815301076,1909f56bfc062723c751e8b465ee728b)
Start importing Assets/Spirites/Shop/Npc2.png using Guid(b788aa95253c4454ebb78b7e1f413147) Importer(815301076,1909f56bfc062723c751e8b465ee728b)  -> (artifact id: '758d62fd3574c6fbf0d60a7b89331ce5') in 0.013356 seconds
  Import took 0.017653 seconds .

========================================================================
Received Import Request.
  Time since last request: 13.441536 seconds.
  path: Assets/Spirites/Shop/Npc2.png
  artifactKey: Guid(b788aa95253c4454ebb78b7e1f413147) Importer(815301076,1909f56bfc062723c751e8b465ee728b)
Start importing Assets/Spirites/Shop/Npc2.png using Guid(b788aa95253c4454ebb78b7e1f413147) Importer(815301076,1909f56bfc062723c751e8b465ee728b)  -> (artifact id: '74feadfad85534786764f74ae7cfeb8b') in 0.009612 seconds
  Import took 0.013266 seconds .

========================================================================
Received Import Request.
  Time since last request: 0.013958 seconds.
  path: Assets/Spirites/Shop/Npc2.png
  artifactKey: Guid(b788aa95253c4454ebb78b7e1f413147) Importer(815301076,1909f56bfc062723c751e8b465ee728b)
Start importing Assets/Spirites/Shop/Npc2.png using Guid(b788aa95253c4454ebb78b7e1f413147) Importer(815301076,1909f56bfc062723c751e8b465ee728b)  -> (artifact id: '74feadfad85534786764f74ae7cfeb8b') in 0.006880 seconds
  Import took 0.011340 seconds .

========================================================================
Received Prepare
Registering precompiled user dll's ...
Registered in 0.001160 seconds.
Begin MonoManager ReloadAssembly
Native extension for WindowsStandalone target not found
Native extension for WebGL target not found
Refreshing native plugins compatible for Editor in 0.43 ms, found 1 plugins.
Preloading 0 native plugins for Editor in 0.00 ms.
Mono: successfully reloaded assembly
- Completed reload, in  0.954 seconds
Platform modules already initialized, skipping
Refreshing native plugins compatible for Editor in 0.62 ms, found 1 plugins.
Preloading 0 native plugins for Editor in 0.00 ms.
Unloading 1810 Unused Serialized files (Serialized files now loaded: 0)
System memory in use before: 88.5 MB.
System memory in use after: 88.4 MB.

Unloading 12 unused Assets to reduce memory usage. Loaded Objects now: 2285.
Total: 2.602600 ms (FindLiveObjects: 0.178300 ms CreateObjectMapping: 0.060400 ms MarkObjects: 2.223700 ms  DeleteObjects: 0.138600 ms)

========================================================================
Received Prepare
Registering precompiled user dll's ...
Registered in 0.001290 seconds.
Begin MonoManager ReloadAssembly
Native extension for WindowsStandalone target not found
Native extension for WebGL target not found
Refreshing native plugins compatible for Editor in 0.73 ms, found 1 plugins.
Preloading 0 native plugins for Editor in 0.00 ms.
Mono: successfully reloaded assembly
- Completed reload, in  0.926 seconds
Platform modules already initialized, skipping
Refreshing native plugins compatible for Editor in 0.40 ms, found 1 plugins.
Preloading 0 native plugins for Editor in 0.00 ms.
Unloading 1810 Unused Serialized files (Serialized files now loaded: 0)
System memory in use before: 88.5 MB.
System memory in use after: 88.5 MB.

Unloading 12 unused Assets to reduce memory usage. Loaded Objects now: 2289.
Total: 1.676500 ms (FindLiveObjects: 0.172200 ms CreateObjectMapping: 0.058200 ms MarkObjects: 1.349700 ms  DeleteObjects: 0.095600 ms)

========================================================================
Received Import Request.
  Time since last request: 1103.462989 seconds.
  path: Assets/Spirites/free-fishing-game-assets-pixel-art-pack/3 Objects/WaterPalatte
  artifactKey: Guid(211f833c631ecd24b99f1e8bffbd359e) Importer(815301076,1909f56bfc062723c751e8b465ee728b)
Start importing Assets/Spirites/free-fishing-game-assets-pixel-art-pack/3 Objects/WaterPalatte using Guid(211f833c631ecd24b99f1e8bffbd359e) Importer(815301076,1909f56bfc062723c751e8b465ee728b)  -> (artifact id: '72831406e277c2f39b56d23baf55d48b') in 0.013016 seconds
  Import took 0.020925 seconds .

========================================================================
Received Import Request.
  Time since last request: 0.835109 seconds.
  path: Assets/Spirites/free-fishing-game-assets-pixel-art-pack/3 Objects/Materials
  artifactKey: Guid(d1388067bfe280e4eb5747038c6581a5) Importer(815301076,1909f56bfc062723c751e8b465ee728b)
Start importing Assets/Spirites/free-fishing-game-assets-pixel-art-pack/3 Objects/Materials using Guid(d1388067bfe280e4eb5747038c6581a5) Importer(815301076,1909f56bfc062723c751e8b465ee728b)  -> (artifact id: '50ad2d706b9009eacd02ab163712f5b6') in 0.010326 seconds
  Import took 0.018364 seconds .

========================================================================
Received Import Request.
  Time since last request: 452.172044 seconds.
  path: Assets/Spirites/Shop/coin.png
  artifactKey: Guid(6164ea71eeb9e3042958303d75ca8094) Importer(815301076,1909f56bfc062723c751e8b465ee728b)
Start importing Assets/Spirites/Shop/coin.png using Guid(6164ea71eeb9e3042958303d75ca8094) Importer(815301076,1909f56bfc062723c751e8b465ee728b)  -> (artifact id: '3ca878eb1ceddafba81adf0c082aa6e6') in 0.055936 seconds
  Import took 0.059929 seconds .

========================================================================
Received Prepare
Registering precompiled user dll's ...
Registered in 0.001062 seconds.
Begin MonoManager ReloadAssembly
Native extension for WindowsStandalone target not found
Native extension for WebGL target not found
Refreshing native plugins compatible for Editor in 0.38 ms, found 1 plugins.
Preloading 0 native plugins for Editor in 0.00 ms.
Mono: successfully reloaded assembly
- Completed reload, in  0.916 seconds
Platform modules already initialized, skipping
Refreshing native plugins compatible for Editor in 0.67 ms, found 1 plugins.
Preloading 0 native plugins for Editor in 0.00 ms.
Unloading 1811 Unused Serialized files (Serialized files now loaded: 0)
System memory in use before: 88.6 MB.
System memory in use after: 88.5 MB.

Unloading 12 unused Assets to reduce memory usage. Loaded Objects now: 2297.
Total: 1.710600 ms (FindLiveObjects: 0.173700 ms CreateObjectMapping: 0.059400 ms MarkObjects: 1.372800 ms  DeleteObjects: 0.103800 ms)

========================================================================
Received Prepare
Registering precompiled user dll's ...
Registered in 0.002372 seconds.
Begin MonoManager ReloadAssembly
Native extension for WindowsStandalone target not found
Native extension for WebGL target not found
Refreshing native plugins compatible for Editor in 0.45 ms, found 1 plugins.
Preloading 0 native plugins for Editor in 0.00 ms.
Mono: successfully reloaded assembly
- Completed reload, in  1.159 seconds
Platform modules already initialized, skipping
Refreshing native plugins compatible for Editor in 0.72 ms, found 1 plugins.
Preloading 0 native plugins for Editor in 0.00 ms.
Unloading 1811 Unused Serialized files (Serialized files now loaded: 0)
System memory in use before: 88.6 MB.
System memory in use after: 88.6 MB.

Unloading 12 unused Assets to reduce memory usage. Loaded Objects now: 2301.
Total: 8.664600 ms (FindLiveObjects: 0.408000 ms CreateObjectMapping: 0.218500 ms MarkObjects: 7.847500 ms  DeleteObjects: 0.188700 ms)

========================================================================
Received Import Request.
  Time since last request: 696.766174 seconds.
  path: Assets/Scripts/TekcanBazaar.cs
  artifactKey: Guid(6be25a7a5f400dd448100c2ce393d1ac) Importer(815301076,1909f56bfc062723c751e8b465ee728b)
Start importing Assets/Scripts/TekcanBazaar.cs using Guid(6be25a7a5f400dd448100c2ce393d1ac) Importer(815301076,1909f56bfc062723c751e8b465ee728b)  -> (artifact id: 'a75bd99c78e7acd91c2c56ff77164817') in 0.037915 seconds
  Import took 0.043525 seconds .

========================================================================
Received Import Request.
  Time since last request: 294.271021 seconds.
  path: Assets/Scripts/TekcanBazaar.cs
  artifactKey: Guid(6be25a7a5f400dd448100c2ce393d1ac) Importer(815301076,1909f56bfc062723c751e8b465ee728b)
Start importing Assets/Scripts/TekcanBazaar.cs using Guid(6be25a7a5f400dd448100c2ce393d1ac) Importer(815301076,1909f56bfc062723c751e8b465ee728b)  -> (artifact id: '7dc53c90707dfc9a2bfcdc9742ec3aa3') in 0.005086 seconds
  Import took 0.009257 seconds .

========================================================================
Received Import Request.
  Time since last request: 0.014427 seconds.
  path: Assets/Scripts/TekcanBazaar.cs
  artifactKey: Guid(6be25a7a5f400dd448100c2ce393d1ac) Importer(815301076,1909f56bfc062723c751e8b465ee728b)
Start importing Assets/Scripts/TekcanBazaar.cs using Guid(6be25a7a5f400dd448100c2ce393d1ac) Importer(815301076,1909f56bfc062723c751e8b465ee728b)  -> (artifact id: '7dc53c90707dfc9a2bfcdc9742ec3aa3') in 0.002759 seconds
  Import took 0.007688 seconds .

========================================================================
Received Prepare
Registering precompiled user dll's ...
Registered in 0.001549 seconds.
Begin MonoManager ReloadAssembly
Native extension for WindowsStandalone target not found
Native extension for WebGL target not found
Refreshing native plugins compatible for Editor in 0.45 ms, found 1 plugins.
Preloading 0 native plugins for Editor in 0.00 ms.
Mono: successfully reloaded assembly
- Completed reload, in  0.900 seconds
Platform modules already initialized, skipping
Refreshing native plugins compatible for Editor in 1.56 ms, found 1 plugins.
Preloading 0 native plugins for Editor in 0.00 ms.
Unloading 1811 Unused Serialized files (Serialized files now loaded: 0)
System memory in use before: 88.6 MB.
System memory in use after: 88.6 MB.

Unloading 12 unused Assets to reduce memory usage. Loaded Objects now: 2305.
Total: 2.300800 ms (FindLiveObjects: 0.253400 ms CreateObjectMapping: 0.140800 ms MarkObjects: 1.782200 ms  DeleteObjects: 0.123400 ms)

========================================================================
Received Import Request.
  Time since last request: 44.871401 seconds.
  path: Assets/Scripts/TekcanBazaar.cs
  artifactKey: Guid(6be25a7a5f400dd448100c2ce393d1ac) Importer(815301076,1909f56bfc062723c751e8b465ee728b)
Start importing Assets/Scripts/TekcanBazaar.cs using Guid(6be25a7a5f400dd448100c2ce393d1ac) Importer(815301076,1909f56bfc062723c751e8b465ee728b)  -> (artifact id: '9b96d9093dd99b9bfcb59dd17e797714') in 0.005583 seconds
  Import took 0.010158 seconds .

========================================================================
Received Prepare
Registering precompiled user dll's ...
Registered in 0.001058 seconds.
Begin MonoManager ReloadAssembly
Native extension for WindowsStandalone target not found
Native extension for WebGL target not found
Refreshing native plugins compatible for Editor in 0.79 ms, found 1 plugins.
Preloading 0 native plugins for Editor in 0.00 ms.
Mono: successfully reloaded assembly
- Completed reload, in  1.189 seconds
Platform modules already initialized, skipping
Refreshing native plugins compatible for Editor in 0.60 ms, found 1 plugins.
Preloading 0 native plugins for Editor in 0.00 ms.
Unloading 1811 Unused Serialized files (Serialized files now loaded: 0)
System memory in use before: 88.6 MB.
System memory in use after: 88.6 MB.

Unloading 12 unused Assets to reduce memory usage. Loaded Objects now: 2309.
Total: 2.120800 ms (FindLiveObjects: 0.165000 ms CreateObjectMapping: 0.060300 ms MarkObjects: 1.787100 ms  DeleteObjects: 0.107400 ms)

========================================================================
Received Prepare
Registering precompiled user dll's ...
Registered in 0.001064 seconds.
Begin MonoManager ReloadAssembly
Native extension for WindowsStandalone target not found
Native extension for WebGL target not found
Refreshing native plugins compatible for Editor in 0.56 ms, found 1 plugins.
Preloading 0 native plugins for Editor in 0.00 ms.
Mono: successfully reloaded assembly
- Completed reload, in  1.157 seconds
Platform modules already initialized, skipping
Refreshing native plugins compatible for Editor in 0.63 ms, found 1 plugins.
Preloading 0 native plugins for Editor in 0.00 ms.
Unloading 1811 Unused Serialized files (Serialized files now loaded: 0)
System memory in use before: 88.6 MB.
System memory in use after: 88.6 MB.

Unloading 12 unused Assets to reduce memory usage. Loaded Objects now: 2313.
Total: 1.672800 ms (FindLiveObjects: 0.172900 ms CreateObjectMapping: 0.058600 ms MarkObjects: 1.344200 ms  DeleteObjects: 0.096300 ms)

========================================================================
Received Prepare
Registering precompiled user dll's ...
Registered in 0.001076 seconds.
Begin MonoManager ReloadAssembly
Native extension for WindowsStandalone target not found
Native extension for WebGL target not found
Refreshing native plugins compatible for Editor in 0.40 ms, found 1 plugins.
Preloading 0 native plugins for Editor in 0.00 ms.
Mono: successfully reloaded assembly
- Completed reload, in  1.113 seconds
Platform modules already initialized, skipping
Refreshing native plugins compatible for Editor in 0.91 ms, found 1 plugins.
Preloading 0 native plugins for Editor in 0.00 ms.
Unloading 1811 Unused Serialized files (Serialized files now loaded: 0)
System memory in use before: 88.6 MB.
System memory in use after: 88.6 MB.

Unloading 12 unused Assets to reduce memory usage. Loaded Objects now: 2317.
Total: 1.862200 ms (FindLiveObjects: 0.210200 ms CreateObjectMapping: 0.060000 ms MarkObjects: 1.451600 ms  DeleteObjects: 0.139600 ms)

========================================================================
Received Prepare
Registering precompiled user dll's ...
Registered in 0.001294 seconds.
Begin MonoManager ReloadAssembly
Native extension for WindowsStandalone target not found
Native extension for WebGL target not found
Refreshing native plugins compatible for Editor in 0.40 ms, found 1 plugins.
Preloading 0 native plugins for Editor in 0.00 ms.
Mono: successfully reloaded assembly
- Completed reload, in  0.871 seconds
Platform modules already initialized, skipping
Refreshing native plugins compatible for Editor in 0.64 ms, found 1 plugins.
Preloading 0 native plugins for Editor in 0.00 ms.
Unloading 1811 Unused Serialized files (Serialized files now loaded: 0)
System memory in use before: 88.6 MB.
System memory in use after: 88.6 MB.

Unloading 12 unused Assets to reduce memory usage. Loaded Objects now: 2321.
Total: 2.082100 ms (FindLiveObjects: 0.265800 ms CreateObjectMapping: 0.081100 ms MarkObjects: 1.628400 ms  DeleteObjects: 0.105400 ms)

========================================================================
Received Prepare
Registering precompiled user dll's ...
Registered in 0.001319 seconds.
Begin MonoManager ReloadAssembly
Native extension for WindowsStandalone target not found
Native extension for WebGL target not found
Refreshing native plugins compatible for Editor in 0.45 ms, found 1 plugins.
Preloading 0 native plugins for Editor in 0.00 ms.
Mono: successfully reloaded assembly
- Completed reload, in  0.983 seconds
Platform modules already initialized, skipping
Refreshing native plugins compatible for Editor in 0.61 ms, found 1 plugins.
Preloading 0 native plugins for Editor in 0.00 ms.
Unloading 1811 Unused Serialized files (Serialized files now loaded: 0)
System memory in use before: 88.6 MB.
System memory in use after: 88.6 MB.

Unloading 12 unused Assets to reduce memory usage. Loaded Objects now: 2325.
Total: 2.098800 ms (FindLiveObjects: 0.273700 ms CreateObjectMapping: 0.070700 ms MarkObjects: 1.640800 ms  DeleteObjects: 0.112100 ms)

========================================================================
Received Prepare
Registering precompiled user dll's ...
Registered in 0.002089 seconds.
Begin MonoManager ReloadAssembly
Native extension for WindowsStandalone target not found
Native extension for WebGL target not found
Refreshing native plugins compatible for Editor in 0.58 ms, found 1 plugins.
Preloading 0 native plugins for Editor in 0.00 ms.
Mono: successfully reloaded assembly
- Completed reload, in  1.036 seconds
Platform modules already initialized, skipping
Refreshing native plugins compatible for Editor in 1.32 ms, found 1 plugins.
Preloading 0 native plugins for Editor in 0.00 ms.
Unloading 1811 Unused Serialized files (Serialized files now loaded: 0)
System memory in use before: 88.7 MB.
System memory in use after: 88.6 MB.

Unloading 12 unused Assets to reduce memory usage. Loaded Objects now: 2329.
Total: 3.657700 ms (FindLiveObjects: 0.279900 ms CreateObjectMapping: 0.077400 ms MarkObjects: 3.187900 ms  DeleteObjects: 0.111200 ms)

========================================================================
Received Prepare
Registering precompiled user dll's ...
Registered in 0.001050 seconds.
Begin MonoManager ReloadAssembly
Native extension for WindowsStandalone target not found
Native extension for WebGL target not found
Refreshing native plugins compatible for Editor in 0.46 ms, found 1 plugins.
Preloading 0 native plugins for Editor in 0.00 ms.
Mono: successfully reloaded assembly
- Completed reload, in  1.030 seconds
Platform modules already initialized, skipping
Refreshing native plugins compatible for Editor in 0.39 ms, found 1 plugins.
Preloading 0 native plugins for Editor in 0.00 ms.
Unloading 1811 Unused Serialized files (Serialized files now loaded: 0)
System memory in use before: 88.7 MB.
System memory in use after: 88.6 MB.

Unloading 12 unused Assets to reduce memory usage. Loaded Objects now: 2333.
Total: 1.716900 ms (FindLiveObjects: 0.175000 ms CreateObjectMapping: 0.057600 ms MarkObjects: 1.381400 ms  DeleteObjects: 0.102100 ms)

========================================================================
Received Prepare
Registering precompiled user dll's ...
Registered in 0.001035 seconds.
Begin MonoManager ReloadAssembly
Native extension for WindowsStandalone target not found
Native extension for WebGL target not found
Refreshing native plugins compatible for Editor in 0.38 ms, found 1 plugins.
Preloading 0 native plugins for Editor in 0.00 ms.
Mono: successfully reloaded assembly
- Completed reload, in  0.854 seconds
Platform modules already initialized, skipping
Refreshing native plugins compatible for Editor in 0.69 ms, found 1 plugins.
Preloading 0 native plugins for Editor in 0.00 ms.
Unloading 1811 Unused Serialized files (Serialized files now loaded: 0)
System memory in use before: 88.7 MB.
System memory in use after: 88.6 MB.

Unloading 12 unused Assets to reduce memory usage. Loaded Objects now: 2337.
Total: 2.690100 ms (FindLiveObjects: 0.303500 ms CreateObjectMapping: 0.065000 ms MarkObjects: 2.002100 ms  DeleteObjects: 0.317200 ms)

========================================================================
Received Prepare
Registering precompiled user dll's ...
Registered in 0.001044 seconds.
Begin MonoManager ReloadAssembly
Native extension for WindowsStandalone target not found
Native extension for WebGL target not found
Refreshing native plugins compatible for Editor in 0.40 ms, found 1 plugins.
Preloading 0 native plugins for Editor in 0.00 ms.
Mono: successfully reloaded assembly
- Completed reload, in  1.087 seconds
Platform modules already initialized, skipping
Refreshing native plugins compatible for Editor in 0.38 ms, found 1 plugins.
Preloading 0 native plugins for Editor in 0.00 ms.
Unloading 1811 Unused Serialized files (Serialized files now loaded: 0)
System memory in use before: 88.7 MB.
System memory in use after: 88.7 MB.

Unloading 12 unused Assets to reduce memory usage. Loaded Objects now: 2341.
Total: 2.072500 ms (FindLiveObjects: 0.236000 ms CreateObjectMapping: 0.108100 ms MarkObjects: 1.632100 ms  DeleteObjects: 0.095200 ms)

========================================================================
Received Prepare
Registering precompiled user dll's ...
Registered in 0.001052 seconds.
Begin MonoManager ReloadAssembly
Native extension for WindowsStandalone target not found
Native extension for WebGL target not found
Refreshing native plugins compatible for Editor in 1.08 ms, found 1 plugins.
Preloading 0 native plugins for Editor in 0.00 ms.
Mono: successfully reloaded assembly
- Completed reload, in  0.929 seconds
Platform modules already initialized, skipping
Refreshing native plugins compatible for Editor in 0.68 ms, found 1 plugins.
Preloading 0 native plugins for Editor in 0.00 ms.
Unloading 1811 Unused Serialized files (Serialized files now loaded: 0)
System memory in use before: 88.7 MB.
System memory in use after: 88.7 MB.

Unloading 12 unused Assets to reduce memory usage. Loaded Objects now: 2345.
Total: 1.966300 ms (FindLiveObjects: 0.267400 ms CreateObjectMapping: 0.070800 ms MarkObjects: 1.517300 ms  DeleteObjects: 0.109600 ms)

========================================================================
Received Prepare
Registering precompiled user dll's ...
Registered in 0.001079 seconds.
Begin MonoManager ReloadAssembly
Native extension for WindowsStandalone target not found
Native extension for WebGL target not found
Refreshing native plugins compatible for Editor in 0.62 ms, found 1 plugins.
Preloading 0 native plugins for Editor in 0.00 ms.
Mono: successfully reloaded assembly
- Completed reload, in  1.143 seconds
Platform modules already initialized, skipping
Refreshing native plugins compatible for Editor in 0.70 ms, found 1 plugins.
Preloading 0 native plugins for Editor in 0.00 ms.
Unloading 1811 Unused Serialized files (Serialized files now loaded: 0)
System memory in use before: 88.7 MB.
System memory in use after: 88.7 MB.

Unloading 12 unused Assets to reduce memory usage. Loaded Objects now: 2349.
Total: 3.666000 ms (FindLiveObjects: 0.475500 ms CreateObjectMapping: 0.077500 ms MarkObjects: 2.970100 ms  DeleteObjects: 0.141400 ms)

========================================================================
Received Prepare
Registering precompiled user dll's ...
Registered in 0.001589 seconds.
Begin MonoManager ReloadAssembly
Native extension for WindowsStandalone target not found
Native extension for WebGL target not found
Refreshing native plugins compatible for Editor in 0.55 ms, found 1 plugins.
Preloading 0 native plugins for Editor in 0.00 ms.
Mono: successfully reloaded assembly
- Completed reload, in  1.176 seconds
Platform modules already initialized, skipping
Refreshing native plugins compatible for Editor in 0.59 ms, found 1 plugins.
Preloading 0 native plugins for Editor in 0.00 ms.
Unloading 1811 Unused Serialized files (Serialized files now loaded: 0)
System memory in use before: 88.7 MB.
System memory in use after: 88.7 MB.

Unloading 12 unused Assets to reduce memory usage. Loaded Objects now: 2353.
Total: 3.857200 ms (FindLiveObjects: 0.307200 ms CreateObjectMapping: 0.201800 ms MarkObjects: 2.906800 ms  DeleteObjects: 0.440000 ms)

========================================================================
Received Prepare
Registering precompiled user dll's ...
Registered in 0.001124 seconds.
Begin MonoManager ReloadAssembly
Native extension for WindowsStandalone target not found
Native extension for WebGL target not found
Refreshing native plugins compatible for Editor in 0.62 ms, found 1 plugins.
Preloading 0 native plugins for Editor in 0.00 ms.
Mono: successfully reloaded assembly
- Completed reload, in  0.941 seconds
Platform modules already initialized, skipping
Refreshing native plugins compatible for Editor in 0.42 ms, found 1 plugins.
Preloading 0 native plugins for Editor in 0.00 ms.
Unloading 1811 Unused Serialized files (Serialized files now loaded: 0)
System memory in use before: 88.7 MB.
System memory in use after: 88.7 MB.

Unloading 12 unused Assets to reduce memory usage. Loaded Objects now: 2357.
Total: 2.590200 ms (FindLiveObjects: 0.281300 ms CreateObjectMapping: 0.070700 ms MarkObjects: 2.090500 ms  DeleteObjects: 0.146200 ms)

========================================================================
Received Prepare
Registering precompiled user dll's ...
Registered in 0.001046 seconds.
Begin MonoManager ReloadAssembly
Native extension for WindowsStandalone target not found
Native extension for WebGL target not found
Refreshing native plugins compatible for Editor in 0.39 ms, found 1 plugins.
Preloading 0 native plugins for Editor in 0.00 ms.
Mono: successfully reloaded assembly
- Completed reload, in  0.933 seconds
Platform modules already initialized, skipping
Refreshing native plugins compatible for Editor in 0.39 ms, found 1 plugins.
Preloading 0 native plugins for Editor in 0.00 ms.
Unloading 1812 Unused Serialized files (Serialized files now loaded: 0)
System memory in use before: 88.7 MB.
System memory in use after: 88.7 MB.

Unloading 12 unused Assets to reduce memory usage. Loaded Objects now: 2362.
Total: 3.145100 ms (FindLiveObjects: 0.204500 ms CreateObjectMapping: 0.058300 ms MarkObjects: 2.766000 ms  DeleteObjects: 0.114600 ms)

========================================================================
Received Prepare
Registering precompiled user dll's ...
Registered in 0.001501 seconds.
Begin MonoManager ReloadAssembly
Native extension for WindowsStandalone target not found
Native extension for WebGL target not found
Refreshing native plugins compatible for Editor in 0.38 ms, found 1 plugins.
Preloading 0 native plugins for Editor in 0.00 ms.
Mono: successfully reloaded assembly
- Completed reload, in  1.030 seconds
Platform modules already initialized, skipping
Refreshing native plugins compatible for Editor in 0.81 ms, found 1 plugins.
Preloading 0 native plugins for Editor in 0.00 ms.
Unloading 1812 Unused Serialized files (Serialized files now loaded: 0)
System memory in use before: 88.8 MB.
System memory in use after: 88.7 MB.

Unloading 12 unused Assets to reduce memory usage. Loaded Objects now: 2366.
Total: 1.928500 ms (FindLiveObjects: 0.239700 ms CreateObjectMapping: 0.129400 ms MarkObjects: 1.453000 ms  DeleteObjects: 0.105300 ms)

========================================================================
Received Import Request.
  Time since last request: 917.813408 seconds.
  path: Assets/Scripts/Shoping.cs
  artifactKey: Guid(02cf016f510f7d74a916ed723eccb6c1) Importer(815301076,1909f56bfc062723c751e8b465ee728b)
Start importing Assets/Scripts/Shoping.cs using Guid(02cf016f510f7d74a916ed723eccb6c1) Importer(815301076,1909f56bfc062723c751e8b465ee728b)  -> (artifact id: 'f51e368ffa504c1c1b4a3c7c05ee3a52') in 0.011268 seconds
  Import took 0.015428 seconds .

========================================================================
Received Import Request.
  Time since last request: 37.220719 seconds.
  path: Assets/Scripts/Shoping.cs
  artifactKey: Guid(02cf016f510f7d74a916ed723eccb6c1) Importer(815301076,1909f56bfc062723c751e8b465ee728b)
Start importing Assets/Scripts/Shoping.cs using Guid(02cf016f510f7d74a916ed723eccb6c1) Importer(815301076,1909f56bfc062723c751e8b465ee728b)  -> (artifact id: '887a1711fca4f2e15beed8e0886c2603') in 0.004415 seconds
  Import took 0.010918 seconds .

========================================================================
Received Import Request.
  Time since last request: 0.003419 seconds.
  path: Assets/Scripts/Shoping.cs
  artifactKey: Guid(02cf016f510f7d74a916ed723eccb6c1) Importer(815301076,1909f56bfc062723c751e8b465ee728b)
Start importing Assets/Scripts/Shoping.cs using Guid(02cf016f510f7d74a916ed723eccb6c1) Importer(815301076,1909f56bfc062723c751e8b465ee728b)  -> (artifact id: '887a1711fca4f2e15beed8e0886c2603') in 0.002917 seconds
  Import took 0.007745 seconds .

========================================================================
Received Prepare
Registering precompiled user dll's ...
Registered in 0.001053 seconds.
Begin MonoManager ReloadAssembly
Native extension for WindowsStandalone target not found
Native extension for WebGL target not found
Refreshing native plugins compatible for Editor in 0.44 ms, found 1 plugins.
Preloading 0 native plugins for Editor in 0.00 ms.
Mono: successfully reloaded assembly
- Completed reload, in  0.909 seconds
Platform modules already initialized, skipping
Refreshing native plugins compatible for Editor in 0.66 ms, found 1 plugins.
Preloading 0 native plugins for Editor in 0.00 ms.
Unloading 1812 Unused Serialized files (Serialized files now loaded: 0)
System memory in use before: 88.8 MB.
System memory in use after: 88.7 MB.

Unloading 12 unused Assets to reduce memory usage. Loaded Objects now: 2370.
Total: 2.028800 ms (FindLiveObjects: 0.194200 ms CreateObjectMapping: 0.089600 ms MarkObjects: 1.642400 ms  DeleteObjects: 0.101600 ms)

========================================================================
Received Import Request.
  Time since last request: 20.547256 seconds.
  path: ProjectSettings/TagManager.asset
  artifactKey: Guid(00000000000000003000000000000000) Importer(815301076,1909f56bfc062723c751e8b465ee728b)
Start importing ProjectSettings/TagManager.asset using Guid(00000000000000003000000000000000) Importer(815301076,1909f56bfc062723c751e8b465ee728b)  -> (artifact id: '0a684db6633e27a5b756f01af30045f6') in 0.021146 seconds
  Import took 0.024907 seconds .

========================================================================
Received Prepare
Registering precompiled user dll's ...
Registered in 0.001481 seconds.
Begin MonoManager ReloadAssembly
Native extension for WindowsStandalone target not found
Native extension for WebGL target not found
Refreshing native plugins compatible for Editor in 0.56 ms, found 1 plugins.
Preloading 0 native plugins for Editor in 0.00 ms.
Mono: successfully reloaded assembly
- Completed reload, in  1.020 seconds
Platform modules already initialized, skipping
Refreshing native plugins compatible for Editor in 0.73 ms, found 1 plugins.
Preloading 0 native plugins for Editor in 0.00 ms.
Unloading 1812 Unused Serialized files (Serialized files now loaded: 0)
System memory in use before: 88.8 MB.
System memory in use after: 88.8 MB.

Unloading 13 unused Assets to reduce memory usage. Loaded Objects now: 2374.
Total: 2.787200 ms (FindLiveObjects: 0.287400 ms CreateObjectMapping: 0.067500 ms MarkObjects: 2.315100 ms  DeleteObjects: 0.115200 ms)

========================================================================
Received Prepare
Registering precompiled user dll's ...
Registered in 0.001077 seconds.
Begin MonoManager ReloadAssembly
Native extension for WindowsStandalone target not found
Native extension for WebGL target not found
Refreshing native plugins compatible for Editor in 0.61 ms, found 1 plugins.
Preloading 0 native plugins for Editor in 0.00 ms.
Mono: successfully reloaded assembly
- Completed reload, in  0.923 seconds
Platform modules already initialized, skipping
Refreshing native plugins compatible for Editor in 0.62 ms, found 1 plugins.
Preloading 0 native plugins for Editor in 0.00 ms.
Unloading 1812 Unused Serialized files (Serialized files now loaded: 0)
System memory in use before: 88.8 MB.
System memory in use after: 88.8 MB.

Unloading 12 unused Assets to reduce memory usage. Loaded Objects now: 2378.
Total: 1.834500 ms (FindLiveObjects: 0.273300 ms CreateObjectMapping: 0.063000 ms MarkObjects: 1.385400 ms  DeleteObjects: 0.111500 ms)

========================================================================
Received Prepare
Registering precompiled user dll's ...
Registered in 0.001488 seconds.
Begin MonoManager ReloadAssembly
Native extension for WindowsStandalone target not found
Native extension for WebGL target not found
Refreshing native plugins compatible for Editor in 0.39 ms, found 1 plugins.
Preloading 0 native plugins for Editor in 0.00 ms.
Mono: successfully reloaded assembly
- Completed reload, in  0.958 seconds
Platform modules already initialized, skipping
Refreshing native plugins compatible for Editor in 0.61 ms, found 1 plugins.
Preloading 0 native plugins for Editor in 0.00 ms.
Unloading 1812 Unused Serialized files (Serialized files now loaded: 0)
System memory in use before: 88.8 MB.
System memory in use after: 88.8 MB.

Unloading 12 unused Assets to reduce memory usage. Loaded Objects now: 2382.
Total: 2.066700 ms (FindLiveObjects: 0.310800 ms CreateObjectMapping: 0.075900 ms MarkObjects: 1.571600 ms  DeleteObjects: 0.107300 ms)

========================================================================
Received Prepare
Registering precompiled user dll's ...
Registered in 0.001163 seconds.
Begin MonoManager ReloadAssembly
Native extension for WindowsStandalone target not found
Native extension for WebGL target not found
Refreshing native plugins compatible for Editor in 0.49 ms, found 1 plugins.
Preloading 0 native plugins for Editor in 0.00 ms.
Mono: successfully reloaded assembly
- Completed reload, in  0.926 seconds
Platform modules already initialized, skipping
Refreshing native plugins compatible for Editor in 0.57 ms, found 1 plugins.
Preloading 0 native plugins for Editor in 0.00 ms.
Unloading 1812 Unused Serialized files (Serialized files now loaded: 0)
System memory in use before: 88.8 MB.
System memory in use after: 88.8 MB.

Unloading 12 unused Assets to reduce memory usage. Loaded Objects now: 2386.
Total: 4.380000 ms (FindLiveObjects: 0.874800 ms CreateObjectMapping: 0.262600 ms MarkObjects: 3.126800 ms  DeleteObjects: 0.114300 ms)

========================================================================
Received Prepare
Registering precompiled user dll's ...
Registered in 0.001196 seconds.
Begin MonoManager ReloadAssembly
Native extension for WindowsStandalone target not found
Native extension for WebGL target not found
Refreshing native plugins compatible for Editor in 0.68 ms, found 1 plugins.
Preloading 0 native plugins for Editor in 0.00 ms.
Mono: successfully reloaded assembly
- Completed reload, in  1.160 seconds
Platform modules already initialized, skipping
Refreshing native plugins compatible for Editor in 0.58 ms, found 1 plugins.
Preloading 0 native plugins for Editor in 0.00 ms.
Unloading 1812 Unused Serialized files (Serialized files now loaded: 0)
System memory in use before: 88.8 MB.
System memory in use after: 88.8 MB.

Unloading 12 unused Assets to reduce memory usage. Loaded Objects now: 2390.
Total: 4.769300 ms (FindLiveObjects: 0.344300 ms CreateObjectMapping: 0.064300 ms MarkObjects: 4.239600 ms  DeleteObjects: 0.119500 ms)

========================================================================
Received Prepare
Registering precompiled user dll's ...
Registered in 0.001009 seconds.
Begin MonoManager ReloadAssembly
Native extension for WindowsStandalone target not found
Native extension for WebGL target not found
Refreshing native plugins compatible for Editor in 0.58 ms, found 1 plugins.
Preloading 0 native plugins for Editor in 0.00 ms.
Mono: successfully reloaded assembly
- Completed reload, in  1.092 seconds
Platform modules already initialized, skipping
Refreshing native plugins compatible for Editor in 0.66 ms, found 1 plugins.
Preloading 0 native plugins for Editor in 0.00 ms.
Unloading 1812 Unused Serialized files (Serialized files now loaded: 0)
System memory in use before: 88.8 MB.
System memory in use after: 88.8 MB.

Unloading 12 unused Assets to reduce memory usage. Loaded Objects now: 2394.
Total: 4.263600 ms (FindLiveObjects: 0.322000 ms CreateObjectMapping: 0.107500 ms MarkObjects: 3.713600 ms  DeleteObjects: 0.118600 ms)

========================================================================
Received Prepare
Registering precompiled user dll's ...
Registered in 0.001088 seconds.
Begin MonoManager ReloadAssembly
Native extension for WindowsStandalone target not found
Native extension for WebGL target not found
Refreshing native plugins compatible for Editor in 0.60 ms, found 1 plugins.
Preloading 0 native plugins for Editor in 0.00 ms.
Mono: successfully reloaded assembly
- Completed reload, in  0.936 seconds
Platform modules already initialized, skipping
Refreshing native plugins compatible for Editor in 0.94 ms, found 1 plugins.
Preloading 0 native plugins for Editor in 0.00 ms.
Unloading 1812 Unused Serialized files (Serialized files now loaded: 0)
System memory in use before: 88.8 MB.
System memory in use after: 88.8 MB.

Unloading 12 unused Assets to reduce memory usage. Loaded Objects now: 2398.
Total: 3.139200 ms (FindLiveObjects: 0.644400 ms CreateObjectMapping: 0.201500 ms MarkObjects: 2.171900 ms  DeleteObjects: 0.120200 ms)

========================================================================
Received Prepare
Registering precompiled user dll's ...
Registered in 0.001383 seconds.
Begin MonoManager ReloadAssembly
Native extension for WindowsStandalone target not found
Native extension for WebGL target not found
Refreshing native plugins compatible for Editor in 0.81 ms, found 1 plugins.
Preloading 0 native plugins for Editor in 0.00 ms.
Mono: successfully reloaded assembly
- Completed reload, in  1.269 seconds
Platform modules already initialized, skipping
Refreshing native plugins compatible for Editor in 0.59 ms, found 1 plugins.
Preloading 0 native plugins for Editor in 0.00 ms.
Unloading 1812 Unused Serialized files (Serialized files now loaded: 0)
System memory in use before: 88.8 MB.
System memory in use after: 88.8 MB.

Unloading 12 unused Assets to reduce memory usage. Loaded Objects now: 2402.
Total: 2.537400 ms (FindLiveObjects: 0.347500 ms CreateObjectMapping: 0.206400 ms MarkObjects: 1.835700 ms  DeleteObjects: 0.146300 ms)

========================================================================
Received Prepare
Registering precompiled user dll's ...
Registered in 0.001814 seconds.
Begin MonoManager ReloadAssembly
Native extension for WindowsStandalone target not found
Native extension for WebGL target not found
Refreshing native plugins compatible for Editor in 0.38 ms, found 1 plugins.
Preloading 0 native plugins for Editor in 0.00 ms.
Mono: successfully reloaded assembly
- Completed reload, in  1.059 seconds
Platform modules already initialized, skipping
Refreshing native plugins compatible for Editor in 0.60 ms, found 1 plugins.
Preloading 0 native plugins for Editor in 0.00 ms.
Unloading 1812 Unused Serialized files (Serialized files now loaded: 0)
System memory in use before: 88.8 MB.
System memory in use after: 88.8 MB.

Unloading 12 unused Assets to reduce memory usage. Loaded Objects now: 2406.
Total: 6.409600 ms (FindLiveObjects: 2.079000 ms CreateObjectMapping: 0.192900 ms MarkObjects: 3.930200 ms  DeleteObjects: 0.205600 ms)

========================================================================
Received Prepare
Registering precompiled user dll's ...
Registered in 0.001601 seconds.
Begin MonoManager ReloadAssembly
Native extension for WindowsStandalone target not found
Native extension for WebGL target not found
Refreshing native plugins compatible for Editor in 0.39 ms, found 1 plugins.
Preloading 0 native plugins for Editor in 0.00 ms.
Mono: successfully reloaded assembly
- Completed reload, in  0.981 seconds
Platform modules already initialized, skipping
Refreshing native plugins compatible for Editor in 0.55 ms, found 1 plugins.
Preloading 0 native plugins for Editor in 0.00 ms.
Unloading 1812 Unused Serialized files (Serialized files now loaded: 0)
System memory in use before: 88.8 MB.
System memory in use after: 88.8 MB.

Unloading 12 unused Assets to reduce memory usage. Loaded Objects now: 2410.
Total: 2.778500 ms (FindLiveObjects: 0.193700 ms CreateObjectMapping: 0.062000 ms MarkObjects: 2.377400 ms  DeleteObjects: 0.144000 ms)

========================================================================
Received Prepare
Registering precompiled user dll's ...
Registered in 0.001068 seconds.
Begin MonoManager ReloadAssembly
Native extension for WindowsStandalone target not found
Native extension for WebGL target not found
Refreshing native plugins compatible for Editor in 0.39 ms, found 1 plugins.
Preloading 0 native plugins for Editor in 0.00 ms.
Mono: successfully reloaded assembly
- Completed reload, in  0.968 seconds
Platform modules already initialized, skipping
Refreshing native plugins compatible for Editor in 0.42 ms, found 1 plugins.
Preloading 0 native plugins for Editor in 0.00 ms.
Unloading 1812 Unused Serialized files (Serialized files now loaded: 0)
System memory in use before: 88.9 MB.
System memory in use after: 88.8 MB.

Unloading 12 unused Assets to reduce memory usage. Loaded Objects now: 2414.
Total: 2.259700 ms (FindLiveObjects: 0.338000 ms CreateObjectMapping: 0.061800 ms MarkObjects: 1.738800 ms  DeleteObjects: 0.119900 ms)

========================================================================
Received Prepare
Registering precompiled user dll's ...
Registered in 0.002105 seconds.
Begin MonoManager ReloadAssembly
Native extension for WindowsStandalone target not found
Native extension for WebGL target not found
Refreshing native plugins compatible for Editor in 0.59 ms, found 1 plugins.
Preloading 0 native plugins for Editor in 0.00 ms.
Mono: successfully reloaded assembly
- Completed reload, in  0.928 seconds
Platform modules already initialized, skipping
Refreshing native plugins compatible for Editor in 0.73 ms, found 1 plugins.
Preloading 0 native plugins for Editor in 0.00 ms.
Unloading 1812 Unused Serialized files (Serialized files now loaded: 0)
System memory in use before: 88.9 MB.
System memory in use after: 88.8 MB.

Unloading 12 unused Assets to reduce memory usage. Loaded Objects now: 2418.
Total: 3.241800 ms (FindLiveObjects: 0.348900 ms CreateObjectMapping: 0.108400 ms MarkObjects: 2.639200 ms  DeleteObjects: 0.143900 ms)

========================================================================
Received Prepare
Registering precompiled user dll's ...
Registered in 0.006412 seconds.
Begin MonoManager ReloadAssembly
Native extension for WindowsStandalone target not found
Native extension for WebGL target not found
Refreshing native plugins compatible for Editor in 0.39 ms, found 1 plugins.
Preloading 0 native plugins for Editor in 0.00 ms.
Mono: successfully reloaded assembly
- Completed reload, in  1.133 seconds
Platform modules already initialized, skipping
Refreshing native plugins compatible for Editor in 0.67 ms, found 1 plugins.
Preloading 0 native plugins for Editor in 0.00 ms.
Unloading 1812 Unused Serialized files (Serialized files now loaded: 0)
System memory in use before: 88.9 MB.
System memory in use after: 88.8 MB.

Unloading 12 unused Assets to reduce memory usage. Loaded Objects now: 2422.
Total: 2.731500 ms (FindLiveObjects: 0.279700 ms CreateObjectMapping: 0.207700 ms MarkObjects: 2.095000 ms  DeleteObjects: 0.147200 ms)

========================================================================
Received Prepare
Registering precompiled user dll's ...
Registered in 0.001423 seconds.
Begin MonoManager ReloadAssembly
Native extension for WindowsStandalone target not found
Native extension for WebGL target not found
Refreshing native plugins compatible for Editor in 0.40 ms, found 1 plugins.
Preloading 0 native plugins for Editor in 0.00 ms.
Mono: successfully reloaded assembly
- Completed reload, in  0.899 seconds
Platform modules already initialized, skipping
Refreshing native plugins compatible for Editor in 0.64 ms, found 1 plugins.
Preloading 0 native plugins for Editor in 0.00 ms.
Unloading 1812 Unused Serialized files (Serialized files now loaded: 0)
System memory in use before: 88.9 MB.
System memory in use after: 88.9 MB.

Unloading 12 unused Assets to reduce memory usage. Loaded Objects now: 2426.
Total: 2.491100 ms (FindLiveObjects: 0.278700 ms CreateObjectMapping: 0.074100 ms MarkObjects: 1.815300 ms  DeleteObjects: 0.321600 ms)

========================================================================
Received Import Request.
  Time since last request: 736.872168 seconds.
  path: Assets/Scripts/CameraManager.cs
  artifactKey: Guid(a3d65d729b5881043a0c5058026fb485) Importer(815301076,1909f56bfc062723c751e8b465ee728b)
Start importing Assets/Scripts/CameraManager.cs using Guid(a3d65d729b5881043a0c5058026fb485) Importer(815301076,1909f56bfc062723c751e8b465ee728b)  -> (artifact id: '4bebe16fe1d3908990dd6fbfa93123b0') in 0.012060 seconds
  Import took 0.017771 seconds .

========================================================================
Received Prepare
Registering precompiled user dll's ...
Registered in 0.001012 seconds.
Begin MonoManager ReloadAssembly
Native extension for WindowsStandalone target not found
Native extension for WebGL target not found
Refreshing native plugins compatible for Editor in 0.46 ms, found 1 plugins.
Preloading 0 native plugins for Editor in 0.00 ms.
Mono: successfully reloaded assembly
- Completed reload, in  1.116 seconds
Platform modules already initialized, skipping
Refreshing native plugins compatible for Editor in 1.08 ms, found 1 plugins.
Preloading 0 native plugins for Editor in 0.00 ms.
Unloading 1813 Unused Serialized files (Serialized files now loaded: 0)
System memory in use before: 88.9 MB.
System memory in use after: 88.9 MB.

Unloading 12 unused Assets to reduce memory usage. Loaded Objects now: 2431.
Total: 7.686100 ms (FindLiveObjects: 0.531400 ms CreateObjectMapping: 0.592600 ms MarkObjects: 6.191400 ms  DeleteObjects: 0.368400 ms)

========================================================================
Received Prepare
Registering precompiled user dll's ...
Registered in 0.001703 seconds.
Begin MonoManager ReloadAssembly
Loading assembly failed: "Library/ScriptAssemblies/Assembly-CSharp.dll"

Native extension for WindowsStandalone target not found
Native extension for WebGL target not found
Refreshing native plugins compatible for Editor in 0.66 ms, found 1 plugins.
Preloading 0 native plugins for Editor in 0.00 ms.
Mono: successfully reloaded assembly
- Completed reload, in  1.098 seconds
Platform modules already initialized, skipping
Assertion failed on expression: 'reloadOk'

Refreshing native plugins compatible for Editor in 0.62 ms, found 1 plugins.
Preloading 0 native plugins for Editor in 0.00 ms.
Unloading 1813 Unused Serialized files (Serialized files now loaded: 0)
System memory in use before: 89.0 MB.
System memory in use after: 89.0 MB.

Unloading 12 unused Assets to reduce memory usage. Loaded Objects now: 2435.
Total: 2.027900 ms (FindLiveObjects: 0.292900 ms CreateObjectMapping: 0.075600 ms MarkObjects: 1.542600 ms  DeleteObjects: 0.115700 ms)

========================================================================
Received Prepare
Registering precompiled user dll's ...
Registered in 0.001279 seconds.
Begin MonoManager ReloadAssembly
Native extension for WindowsStandalone target not found
Native extension for WebGL target not found
Refreshing native plugins compatible for Editor in 0.41 ms, found 1 plugins.
Preloading 0 native plugins for Editor in 0.00 ms.
Mono: successfully reloaded assembly
- Completed reload, in  0.974 seconds
Platform modules already initialized, skipping
Refreshing native plugins compatible for Editor in 0.72 ms, found 1 plugins.
Preloading 0 native plugins for Editor in 0.00 ms.
Unloading 1813 Unused Serialized files (Serialized files now loaded: 0)
System memory in use before: 89.1 MB.
System memory in use after: 89.0 MB.

Unloading 12 unused Assets to reduce memory usage. Loaded Objects now: 2439.
Total: 3.451200 ms (FindLiveObjects: 0.637800 ms CreateObjectMapping: 0.079700 ms MarkObjects: 2.596900 ms  DeleteObjects: 0.135000 ms)

========================================================================
Received Import Request.
  Time since last request: 381.621445 seconds.
  path: Assets/Scripts/Inventory
  artifactKey: Guid(1715d45232aa1a4418f279d9032296d6) Importer(815301076,1909f56bfc062723c751e8b465ee728b)
Start importing Assets/Scripts/Inventory using Guid(1715d45232aa1a4418f279d9032296d6) Importer(815301076,1909f56bfc062723c751e8b465ee728b)  -> (artifact id: 'f6fb21371a37eb9c865ac7f45a295406') in 0.010794 seconds
  Import took 0.014143 seconds .

========================================================================
Received Prepare
Registering precompiled user dll's ...
Registered in 0.001284 seconds.
Begin MonoManager ReloadAssembly
Native extension for WindowsStandalone target not found
Native extension for WebGL target not found
Refreshing native plugins compatible for Editor in 0.38 ms, found 1 plugins.
Preloading 0 native plugins for Editor in 0.00 ms.
Mono: successfully reloaded assembly
- Completed reload, in  0.877 seconds
Platform modules already initialized, skipping
Refreshing native plugins compatible for Editor in 0.62 ms, found 1 plugins.
Preloading 0 native plugins for Editor in 0.00 ms.
Unloading 1813 Unused Serialized files (Serialized files now loaded: 0)
System memory in use before: 89.1 MB.
System memory in use after: 89.0 MB.

Unloading 12 unused Assets to reduce memory usage. Loaded Objects now: 2443.
Total: 1.846900 ms (FindLiveObjects: 0.188000 ms CreateObjectMapping: 0.058800 ms MarkObjects: 1.488500 ms  DeleteObjects: 0.110400 ms)

========================================================================
Received Import Request.
  Time since last request: 17.472823 seconds.
  path: Assets/Spirites/free-fishing-game-assets-pixel-art-pack/3 Objects/Materials/Boat.mat
  artifactKey: Guid(f0f6c49f191e99b4b95ffc684b89f5ab) Importer(815301076,1909f56bfc062723c751e8b465ee728b)
Start importing Assets/Spirites/free-fishing-game-assets-pixel-art-pack/3 Objects/Materials/Boat.mat using Guid(f0f6c49f191e99b4b95ffc684b89f5ab) Importer(815301076,1909f56bfc062723c751e8b465ee728b)  -> (artifact id: '0b6f8ca0ab608869022f93683e0e2c40') in 0.095698 seconds
  Import took 0.099011 seconds .

========================================================================
Received Import Request.
  Time since last request: 3.331512 seconds.
  path: Assets/Spirites/free-fishing-game-assets-pixel-art-pack/3 Objects/WaterPalatte/Water_0.asset
  artifactKey: Guid(f2c1e710a38b8884e9fcec0714f4885f) Importer(815301076,1909f56bfc062723c751e8b465ee728b)
Start importing Assets/Spirites/free-fishing-game-assets-pixel-art-pack/3 Objects/WaterPalatte/Water_0.asset using Guid(f2c1e710a38b8884e9fcec0714f4885f) Importer(815301076,1909f56bfc062723c751e8b465ee728b)  -> (artifact id: 'c45f2306db6e732adc088d4da03dd9c1') in 0.024787 seconds
  Import took 0.029675 seconds .

========================================================================
Received Import Request.
  Time since last request: 0.000201 seconds.
  path: Assets/Spirites/free-fishing-game-assets-pixel-art-pack/3 Objects/WaterPalatte/Water_2.asset
  artifactKey: Guid(8e233413e02357f48bc5487888387863) Importer(815301076,1909f56bfc062723c751e8b465ee728b)
Start importing Assets/Spirites/free-fishing-game-assets-pixel-art-pack/3 Objects/WaterPalatte/Water_2.asset using Guid(8e233413e02357f48bc5487888387863) Importer(815301076,1909f56bfc062723c751e8b465ee728b)  -> (artifact id: '5d38728560864dfa97cdc1e12fd4ba6e') in 0.010126 seconds
  Import took 0.014280 seconds .

========================================================================
Received Import Request.
  Time since last request: 0.000185 seconds.
  path: Assets/Spirites/free-fishing-game-assets-pixel-art-pack/3 Objects/WaterPalatte/Water_6.asset
  artifactKey: Guid(ec17530a0ef339048b8ac707c90d7159) Importer(815301076,1909f56bfc062723c751e8b465ee728b)
Start importing Assets/Spirites/free-fishing-game-assets-pixel-art-pack/3 Objects/WaterPalatte/Water_6.asset using Guid(ec17530a0ef339048b8ac707c90d7159) Importer(815301076,1909f56bfc062723c751e8b465ee728b)  -> (artifact id: 'b4ba8ed8f8e0a6838f9727ab7b675895') in 0.011781 seconds
  Import took 0.017165 seconds .

========================================================================
Received Import Request.
  Time since last request: 0.000159 seconds.
  path: Assets/Spirites/free-fishing-game-assets-pixel-art-pack/3 Objects/WaterPalatte/Water_8.asset
  artifactKey: Guid(b5e0d97361270a44da97941c07fbbc45) Importer(815301076,1909f56bfc062723c751e8b465ee728b)
Start importing Assets/Spirites/free-fishing-game-assets-pixel-art-pack/3 Objects/WaterPalatte/Water_8.asset using Guid(b5e0d97361270a44da97941c07fbbc45) Importer(815301076,1909f56bfc062723c751e8b465ee728b)  -> (artifact id: '544c2ece2ffacdefcd107a2ac3eaba5f') in 0.009672 seconds
  Import took 0.012517 seconds .

========================================================================
Received Import Request.
  Time since last request: 0.000170 seconds.
  path: Assets/Spirites/free-fishing-game-assets-pixel-art-pack/3 Objects/WaterPalatte/WaterPalatte.prefab
  artifactKey: Guid(31bc0a374d6efda4ea65c3b0ad2bce8e) Importer(815301076,1909f56bfc062723c751e8b465ee728b)
Start importing Assets/Spirites/free-fishing-game-assets-pixel-art-pack/3 Objects/WaterPalatte/WaterPalatte.prefab using Guid(31bc0a374d6efda4ea65c3b0ad2bce8e) Importer(815301076,1909f56bfc062723c751e8b465ee728b)  -> (artifact id: '6c53be054bdbaf51d5348d9fb78f2e97') in 0.014384 seconds
  Import took 0.018051 seconds .

========================================================================
Received Import Request.
  Time since last request: 0.000202 seconds.
  path: Assets/Spirites/free-fishing-game-assets-pixel-art-pack/3 Objects/WaterPalatte/Water_1.asset
  artifactKey: Guid(a64d144c9c5039b4a9afdd1c62e5f245) Importer(815301076,1909f56bfc062723c751e8b465ee728b)
Start importing Assets/Spirites/free-fishing-game-assets-pixel-art-pack/3 Objects/WaterPalatte/Water_1.asset using Guid(a64d144c9c5039b4a9afdd1c62e5f245) Importer(815301076,1909f56bfc062723c751e8b465ee728b)  -> (artifact id: '079a75df33e7b409ee514f74e5ab9d82') in 0.008896 seconds
  Import took 0.012152 seconds .

========================================================================
Received Import Request.
  Time since last request: 0.000188 seconds.
  path: Assets/Spirites/free-fishing-game-assets-pixel-art-pack/3 Objects/WaterPalatte/Water_5.asset
  artifactKey: Guid(ef112974641507548ad943c55c94ee80) Importer(815301076,1909f56bfc062723c751e8b465ee728b)
Start importing Assets/Spirites/free-fishing-game-assets-pixel-art-pack/3 Objects/WaterPalatte/Water_5.asset using Guid(ef112974641507548ad943c55c94ee80) Importer(815301076,1909f56bfc062723c751e8b465ee728b)  -> (artifact id: 'e8cea98d7e733170a6bd220701f390a8') in 0.013982 seconds
  Import took 0.017855 seconds .

========================================================================
Received Import Request.
  Time since last request: 0.000172 seconds.
  path: Assets/Spirites/free-fishing-game-assets-pixel-art-pack/3 Objects/WaterPalatte/Water_4.asset
  artifactKey: Guid(bc2e86308f07fda489873fbf49dd9ce1) Importer(815301076,1909f56bfc062723c751e8b465ee728b)
Start importing Assets/Spirites/free-fishing-game-assets-pixel-art-pack/3 Objects/WaterPalatte/Water_4.asset using Guid(bc2e86308f07fda489873fbf49dd9ce1) Importer(815301076,1909f56bfc062723c751e8b465ee728b)  -> (artifact id: '3119ebacbf218e8ea6d7720871f6d267') in 0.015217 seconds
  Import took 0.018969 seconds .

========================================================================
Received Import Request.
  Time since last request: 0.000167 seconds.
  path: Assets/Spirites/free-fishing-game-assets-pixel-art-pack/3 Objects/WaterPalatte/Water_7.asset
  artifactKey: Guid(e8330e63c847aaf42a8efcfe5b7f4bae) Importer(815301076,1909f56bfc062723c751e8b465ee728b)
Start importing Assets/Spirites/free-fishing-game-assets-pixel-art-pack/3 Objects/WaterPalatte/Water_7.asset using Guid(e8330e63c847aaf42a8efcfe5b7f4bae) Importer(815301076,1909f56bfc062723c751e8b465ee728b)  -> (artifact id: '554e3606a414e63fafb67edeb8c15f54') in 0.010423 seconds
  Import took 0.014019 seconds .

========================================================================
Received Import Request.
  Time since last request: 0.000245 seconds.
  path: Assets/Spirites/free-fishing-game-assets-pixel-art-pack/3 Objects/WaterPalatte/Water_3.asset
  artifactKey: Guid(ea17170ed9b0b8c4e822258c3fdd0869) Importer(815301076,1909f56bfc062723c751e8b465ee728b)
Start importing Assets/Spirites/free-fishing-game-assets-pixel-art-pack/3 Objects/WaterPalatte/Water_3.asset using Guid(ea17170ed9b0b8c4e822258c3fdd0869) Importer(815301076,1909f56bfc062723c751e8b465ee728b)  -> (artifact id: 'cc3c92badc1c67c764df632268c72318') in 0.011403 seconds
  Import took 0.015262 seconds .

========================================================================
Received Import Request.
  Time since last request: 7.912747 seconds.
  path: Assets/Spirites/Platformer
  artifactKey: Guid(de701c52750f01e448390cb5b042648a) Importer(815301076,1909f56bfc062723c751e8b465ee728b)
Start importing Assets/Spirites/Platformer using Guid(de701c52750f01e448390cb5b042648a) Importer(815301076,1909f56bfc062723c751e8b465ee728b)  -> (artifact id: 'b8d5f06facac8afd799e9cc2f1803288') in 0.009029 seconds
  Import took 0.012242 seconds .

========================================================================
Received Import Request.
  Time since last request: 423.583867 seconds.
  path: Assets/Spirites/free-fishing-game-assets-pixel-art-pack/ItemsFishing.png
  artifactKey: Guid(571c562b2e6df674390a4aa853446a9d) Importer(815301076,1909f56bfc062723c751e8b465ee728b)
Start importing Assets/Spirites/free-fishing-game-assets-pixel-art-pack/ItemsFishing.png using Guid(571c562b2e6df674390a4aa853446a9d) Importer(815301076,1909f56bfc062723c751e8b465ee728b)  -> (artifact id: '0554a3d975c16b93c653f9b028076adc') in 0.025896 seconds
  Import took 0.031061 seconds .

========================================================================
Received Import Request.
  Time since last request: 0.002402 seconds.
  path: Assets/Spirites/free-fishing-game-assets-pixel-art-pack/ItemsFishing.png
  artifactKey: Guid(571c562b2e6df674390a4aa853446a9d) Importer(815301076,1909f56bfc062723c751e8b465ee728b)
Start importing Assets/Spirites/free-fishing-game-assets-pixel-art-pack/ItemsFishing.png using Guid(571c562b2e6df674390a4aa853446a9d) Importer(815301076,1909f56bfc062723c751e8b465ee728b)  -> (artifact id: '0554a3d975c16b93c653f9b028076adc') in 0.017961 seconds
  Import took 0.022576 seconds .

========================================================================
Received Import Request.
  Time since last request: 51.744472 seconds.
  path: Assets/Spirites/Shop/ItemsFishing.png
  artifactKey: Guid(571c562b2e6df674390a4aa853446a9d) Importer(815301076,1909f56bfc062723c751e8b465ee728b)
Start importing Assets/Spirites/Shop/ItemsFishing.png using Guid(571c562b2e6df674390a4aa853446a9d) Importer(815301076,1909f56bfc062723c751e8b465ee728b)  -> (artifact id: 'eead2c103218db05ae244a7d52d06503') in 0.012911 seconds
  Import took 0.015990 seconds .

========================================================================
Received Import Request.
  Time since last request: 9.427652 seconds.
  path: Assets/Spirites/Shop/ItemsFishing.png
  artifactKey: Guid(571c562b2e6df674390a4aa853446a9d) Importer(815301076,1909f56bfc062723c751e8b465ee728b)
Start importing Assets/Spirites/Shop/ItemsFishing.png using Guid(571c562b2e6df674390a4aa853446a9d) Importer(815301076,1909f56bfc062723c751e8b465ee728b)  -> (artifact id: 'c07e55dc82be64125fdd7bcae0e91a20') in 0.013635 seconds
  Import took 0.017042 seconds .

========================================================================
Received Import Request.
  Time since last request: 107.285759 seconds.
  path: Assets/Spirites/Shop/ItemsFishing.png
  artifactKey: Guid(571c562b2e6df674390a4aa853446a9d) Importer(815301076,1909f56bfc062723c751e8b465ee728b)
Start importing Assets/Spirites/Shop/ItemsFishing.png using Guid(571c562b2e6df674390a4aa853446a9d) Importer(815301076,1909f56bfc062723c751e8b465ee728b)  -> (artifact id: '2b0cd8d7a66e62b2f34a706d767519ad') in 0.045035 seconds
  Import took 0.050086 seconds .

========================================================================
Received Import Request.
  Time since last request: 38.274342 seconds.
  path: Assets/Spirites/Shop/ItemsFishing.png
  artifactKey: Guid(571c562b2e6df674390a4aa853446a9d) Importer(815301076,1909f56bfc062723c751e8b465ee728b)
Start importing Assets/Spirites/Shop/ItemsFishing.png using Guid(571c562b2e6df674390a4aa853446a9d) Importer(815301076,1909f56bfc062723c751e8b465ee728b)  -> (artifact id: '55290d71cc5f2e26dab3650b7be08a49') in 0.047846 seconds
  Import took 0.052327 seconds .

========================================================================
Received Import Request.
  Time since last request: 127.121563 seconds.
  path: Assets/Scripts/Shoping.cs
  artifactKey: Guid(02cf016f510f7d74a916ed723eccb6c1) Importer(815301076,1909f56bfc062723c751e8b465ee728b)
Start importing Assets/Scripts/Shoping.cs using Guid(02cf016f510f7d74a916ed723eccb6c1) Importer(815301076,1909f56bfc062723c751e8b465ee728b)  -> (artifact id: 'c29c9f543634d9ea017af095745cf8a9') in 0.002033 seconds
  Import took 0.005212 seconds .

========================================================================
Received Import Request.
  Time since last request: 0.000462 seconds.
  path: Assets/Scripts/Shoping.cs
  artifactKey: Guid(02cf016f510f7d74a916ed723eccb6c1) Importer(815301076,1909f56bfc062723c751e8b465ee728b)
Start importing Assets/Scripts/Shoping.cs using Guid(02cf016f510f7d74a916ed723eccb6c1) Importer(815301076,1909f56bfc062723c751e8b465ee728b)  -> (artifact id: 'c29c9f543634d9ea017af095745cf8a9') in 0.002332 seconds
  Import took 0.005584 seconds .

========================================================================
Received Prepare
Registering precompiled user dll's ...
Registered in 0.001043 seconds.
Begin MonoManager ReloadAssembly
Native extension for WindowsStandalone target not found
Native extension for WebGL target not found
Refreshing native plugins compatible for Editor in 0.39 ms, found 1 plugins.
Preloading 0 native plugins for Editor in 0.00 ms.
Mono: successfully reloaded assembly
- Completed reload, in  0.915 seconds
Platform modules already initialized, skipping
Refreshing native plugins compatible for Editor in 0.70 ms, found 1 plugins.
Preloading 0 native plugins for Editor in 0.00 ms.
Unloading 1812 Unused Serialized files (Serialized files now loaded: 0)
System memory in use before: 89.6 MB.
System memory in use after: 89.6 MB.

Unloading 13 unused Assets to reduce memory usage. Loaded Objects now: 2515.
Total: 2.224600 ms (FindLiveObjects: 0.292600 ms CreateObjectMapping: 0.225600 ms MarkObjects: 1.597900 ms  DeleteObjects: 0.107500 ms)

========================================================================
Received Import Request.
  Time since last request: 24.002991 seconds.
  path: Assets/Scripts/PalaShop.cs
  artifactKey: Guid(a1262ec171e10c949a0436e6f134bc65) Importer(815301076,1909f56bfc062723c751e8b465ee728b)
Start importing Assets/Scripts/PalaShop.cs using Guid(a1262ec171e10c949a0436e6f134bc65) Importer(815301076,1909f56bfc062723c751e8b465ee728b)  -> (artifact id: 'cc62e738da04e3e5b7ffe2a7da23a98a') in 0.012719 seconds
  Import took 0.018289 seconds .

========================================================================
Received Prepare
Registering precompiled user dll's ...
Registered in 0.001476 seconds.
Begin MonoManager ReloadAssembly
Native extension for WindowsStandalone target not found
Native extension for WebGL target not found
Refreshing native plugins compatible for Editor in 0.45 ms, found 1 plugins.
Preloading 0 native plugins for Editor in 0.00 ms.
Mono: successfully reloaded assembly
- Completed reload, in  0.909 seconds
Platform modules already initialized, skipping
Refreshing native plugins compatible for Editor in 0.61 ms, found 1 plugins.
Preloading 0 native plugins for Editor in 0.00 ms.
Unloading 1813 Unused Serialized files (Serialized files now loaded: 0)
System memory in use before: 89.6 MB.
System memory in use after: 89.6 MB.

Unloading 12 unused Assets to reduce memory usage. Loaded Objects now: 2520.
Total: 2.874900 ms (FindLiveObjects: 0.245200 ms CreateObjectMapping: 0.058200 ms MarkObjects: 2.151800 ms  DeleteObjects: 0.417600 ms)

========================================================================
Received Import Request.
  Time since last request: 76.014613 seconds.
  path: Assets/Scripts/PalaShop.cs
  artifactKey: Guid(a1262ec171e10c949a0436e6f134bc65) Importer(815301076,1909f56bfc062723c751e8b465ee728b)
Start importing Assets/Scripts/PalaShop.cs using Guid(a1262ec171e10c949a0436e6f134bc65) Importer(815301076,1909f56bfc062723c751e8b465ee728b)  -> (artifact id: '69a47ff18a17b5828d02d0ec3a2ea495') in 0.006764 seconds
  Import took 0.011983 seconds .

========================================================================
Received Import Request.
  Time since last request: 0.002252 seconds.
  path: Assets/Scripts/PalaShop.cs
  artifactKey: Guid(a1262ec171e10c949a0436e6f134bc65) Importer(815301076,1909f56bfc062723c751e8b465ee728b)
Start importing Assets/Scripts/PalaShop.cs using Guid(a1262ec171e10c949a0436e6f134bc65) Importer(815301076,1909f56bfc062723c751e8b465ee728b)  -> (artifact id: '69a47ff18a17b5828d02d0ec3a2ea495') in 0.002181 seconds
  Import took 0.005568 seconds .

========================================================================
Received Prepare
Registering precompiled user dll's ...
Registered in 0.001166 seconds.
Begin MonoManager ReloadAssembly
Native extension for WindowsStandalone target not found
Native extension for WebGL target not found
Refreshing native plugins compatible for Editor in 0.57 ms, found 1 plugins.
Preloading 0 native plugins for Editor in 0.00 ms.
Mono: successfully reloaded assembly
- Completed reload, in  0.887 seconds
Platform modules already initialized, skipping
Refreshing native plugins compatible for Editor in 0.41 ms, found 1 plugins.
Preloading 0 native plugins for Editor in 0.00 ms.
Unloading 1813 Unused Serialized files (Serialized files now loaded: 0)
System memory in use before: 89.6 MB.
System memory in use after: 89.6 MB.

Unloading 12 unused Assets to reduce memory usage. Loaded Objects now: 2524.
Total: 1.816900 ms (FindLiveObjects: 0.202300 ms CreateObjectMapping: 0.060900 ms MarkObjects: 1.448300 ms  DeleteObjects: 0.103900 ms)

========================================================================
Received Prepare
Registering precompiled user dll's ...
Registered in 0.001561 seconds.
Begin MonoManager ReloadAssembly
Native extension for WindowsStandalone target not found
Native extension for WebGL target not found
Refreshing native plugins compatible for Editor in 0.38 ms, found 1 plugins.
Preloading 0 native plugins for Editor in 0.00 ms.
Mono: successfully reloaded assembly
- Completed reload, in  0.878 seconds
Platform modules already initialized, skipping
Refreshing native plugins compatible for Editor in 0.62 ms, found 1 plugins.
Preloading 0 native plugins for Editor in 0.00 ms.
Unloading 1813 Unused Serialized files (Serialized files now loaded: 0)
System memory in use before: 89.6 MB.
System memory in use after: 89.6 MB.

Unloading 12 unused Assets to reduce memory usage. Loaded Objects now: 2528.
Total: 2.273700 ms (FindLiveObjects: 0.330900 ms CreateObjectMapping: 0.072200 ms MarkObjects: 1.756500 ms  DeleteObjects: 0.112900 ms)

========================================================================
Received Import Request.
  Time since last request: 482.782557 seconds.
  path: Assets/Spirites/Shop/blackCoin.png
  artifactKey: Guid(3a100c28129e85649b7793d6b3c9a73d) Importer(815301076,1909f56bfc062723c751e8b465ee728b)
Start importing Assets/Spirites/Shop/blackCoin.png using Guid(3a100c28129e85649b7793d6b3c9a73d) Importer(815301076,1909f56bfc062723c751e8b465ee728b)  -> (artifact id: '1e77fb759d5133eeda566d64b65025ef') in 0.071848 seconds
  Import took 0.075935 seconds .

========================================================================
Received Import Request.
  Time since last request: 0.000175 seconds.
  path: Assets/Spirites/Shop/GoldenCoin.png
  artifactKey: Guid(9095402222f2e3a4eb215ec65cd96dcb) Importer(815301076,1909f56bfc062723c751e8b465ee728b)
Start importing Assets/Spirites/Shop/GoldenCoin.png using Guid(9095402222f2e3a4eb215ec65cd96dcb) Importer(815301076,1909f56bfc062723c751e8b465ee728b)  -> (artifact id: 'becd1ef41ebc2e7b4d334235834c307a') in 0.013127 seconds
  Import took 0.016508 seconds .

========================================================================
Received Import Request.
  Time since last request: 0.000395 seconds.
  path: Assets/Spirites/Shop/metalCoin.png
  artifactKey: Guid(973ea2d5a8b324c4aa46ca02f8c25b8a) Importer(815301076,1909f56bfc062723c751e8b465ee728b)
Start importing Assets/Spirites/Shop/metalCoin.png using Guid(973ea2d5a8b324c4aa46ca02f8c25b8a) Importer(815301076,1909f56bfc062723c751e8b465ee728b)  -> (artifact id: '58ed454668cc526b98a73b68b5419ee6') in 0.016869 seconds
  Import took 0.020879 seconds .

========================================================================
Received Import Request.
  Time since last request: 35.822778 seconds.
  path: Assets/Spirites/Shop/metalCoin.png
  artifactKey: Guid(973ea2d5a8b324c4aa46ca02f8c25b8a) Importer(815301076,1909f56bfc062723c751e8b465ee728b)
Start importing Assets/Spirites/Shop/metalCoin.png using Guid(973ea2d5a8b324c4aa46ca02f8c25b8a) Importer(815301076,1909f56bfc062723c751e8b465ee728b)  -> (artifact id: '5083fa3d8dafa417301e567a56b3e077') in 0.011545 seconds
  Import took 0.015930 seconds .

========================================================================
Received Import Request.
  Time since last request: 6.380463 seconds.
  path: Assets/Spirites/Shop/GoldenCoin.png
  artifactKey: Guid(9095402222f2e3a4eb215ec65cd96dcb) Importer(815301076,1909f56bfc062723c751e8b465ee728b)
Start importing Assets/Spirites/Shop/GoldenCoin.png using Guid(9095402222f2e3a4eb215ec65cd96dcb) Importer(815301076,1909f56bfc062723c751e8b465ee728b)  -> (artifact id: '66e51c22b3ec6eacd58807343b7f8b6b') in 0.015613 seconds
  Import took 0.019447 seconds .

========================================================================
Received Import Request.
  Time since last request: 9.779298 seconds.
  path: Assets/Spirites/Shop/coin.png
  artifactKey: Guid(6164ea71eeb9e3042958303d75ca8094) Importer(815301076,1909f56bfc062723c751e8b465ee728b)
Start importing Assets/Spirites/Shop/coin.png using Guid(6164ea71eeb9e3042958303d75ca8094) Importer(815301076,1909f56bfc062723c751e8b465ee728b)  -> (artifact id: '5b860b12713d047ba1baa65dfd4b66b1') in 0.022208 seconds
  Import took 0.026623 seconds .

========================================================================
Received Import Request.
  Time since last request: 6.962075 seconds.
  path: Assets/Spirites/Shop/blackCoin.png
  artifactKey: Guid(3a100c28129e85649b7793d6b3c9a73d) Importer(815301076,1909f56bfc062723c751e8b465ee728b)
Start importing Assets/Spirites/Shop/blackCoin.png using Guid(3a100c28129e85649b7793d6b3c9a73d) Importer(815301076,1909f56bfc062723c751e8b465ee728b)  -> (artifact id: '04f026c066b9431d67cf5aae06e764ac') in 0.013683 seconds
  Import took 0.017835 seconds .

========================================================================
Received Import Request.
  Time since last request: 0.003491 seconds.
  path: Assets/Spirites/Shop/blackCoin.png
  artifactKey: Guid(3a100c28129e85649b7793d6b3c9a73d) Importer(815301076,1909f56bfc062723c751e8b465ee728b)
Start importing Assets/Spirites/Shop/blackCoin.png using Guid(3a100c28129e85649b7793d6b3c9a73d) Importer(815301076,1909f56bfc062723c751e8b465ee728b)  -> (artifact id: '04f026c066b9431d67cf5aae06e764ac') in 0.007721 seconds
  Import took 0.011263 seconds .

========================================================================
Received Prepare
Registering precompiled user dll's ...
Registered in 0.001116 seconds.
Begin MonoManager ReloadAssembly
Native extension for WindowsStandalone target not found
Native extension for WebGL target not found
Refreshing native plugins compatible for Editor in 0.38 ms, found 1 plugins.
Preloading 0 native plugins for Editor in 0.00 ms.
Mono: successfully reloaded assembly
- Completed reload, in  0.942 seconds
Platform modules already initialized, skipping
Refreshing native plugins compatible for Editor in 0.59 ms, found 1 plugins.
Preloading 0 native plugins for Editor in 0.00 ms.
Unloading 1813 Unused Serialized files (Serialized files now loaded: 0)
System memory in use before: 89.7 MB.
System memory in use after: 89.6 MB.

Unloading 12 unused Assets to reduce memory usage. Loaded Objects now: 2537.
Total: 1.833800 ms (FindLiveObjects: 0.203300 ms CreateObjectMapping: 0.060700 ms MarkObjects: 1.456800 ms  DeleteObjects: 0.112100 ms)

========================================================================
Received Prepare
Registering precompiled user dll's ...
Registered in 0.002585 seconds.
Begin MonoManager ReloadAssembly
Native extension for WindowsStandalone target not found
Native extension for WebGL target not found
Refreshing native plugins compatible for Editor in 0.41 ms, found 1 plugins.
Preloading 0 native plugins for Editor in 0.00 ms.
Mono: successfully reloaded assembly
- Completed reload, in  0.953 seconds
Platform modules already initialized, skipping
Refreshing native plugins compatible for Editor in 0.38 ms, found 1 plugins.
Preloading 0 native plugins for Editor in 0.00 ms.
Unloading 1813 Unused Serialized files (Serialized files now loaded: 0)
System memory in use before: 89.7 MB.
System memory in use after: 89.7 MB.

Unloading 12 unused Assets to reduce memory usage. Loaded Objects now: 2541.
Total: 1.921500 ms (FindLiveObjects: 0.194400 ms CreateObjectMapping: 0.061300 ms MarkObjects: 1.542800 ms  DeleteObjects: 0.122000 ms)

========================================================================
Received Prepare
Registering precompiled user dll's ...
Registered in 0.001034 seconds.
Begin MonoManager ReloadAssembly
Native extension for WindowsStandalone target not found
Native extension for WebGL target not found
Refreshing native plugins compatible for Editor in 0.38 ms, found 1 plugins.
Preloading 0 native plugins for Editor in 0.00 ms.
Mono: successfully reloaded assembly
- Completed reload, in  0.812 seconds
Platform modules already initialized, skipping
Refreshing native plugins compatible for Editor in 0.39 ms, found 1 plugins.
Preloading 0 native plugins for Editor in 0.00 ms.
Unloading 1813 Unused Serialized files (Serialized files now loaded: 0)
System memory in use before: 89.7 MB.
System memory in use after: 89.7 MB.

Unloading 12 unused Assets to reduce memory usage. Loaded Objects now: 2545.
Total: 2.328000 ms (FindLiveObjects: 0.229600 ms CreateObjectMapping: 0.067400 ms MarkObjects: 1.905700 ms  DeleteObjects: 0.123100 ms)

AssetImportWorkerClient::OnTransportError - code=2 error=End of file
